PRT1
26
47
3 0 9 (0 304 112 ) (0 304 176 ) (0 576 112 ) 
4 0 3 (0 304 144 ) (0 304 112 ) (96 304 112 ) (96 304 144 ) 
4 0 1 (128 576 112 ) (128 304 112 ) (80 304 112 ) (80 576 112 ) 
4 0 2 (80 304 112 ) (0 304 112 ) (0 576 112 ) (80 576 112 ) 
4 1 3 (96 304 112 ) (80 304 112 ) (80 304 0 ) (96 304 0 ) 
5 1 2 (80 661.333923 -64 ) (80 575.972900 -64 ) (80 304 -0.006393 ) (80 304 112 ) (80 661.332947 112 ) 
5 2 10 (0 304 0 ) (0 304 112 ) (0 704 112 ) (0 704 -64 ) (0 576 -64 ) 
4 2 3 (80 304 112 ) (0 304 112 ) (0 304 0 ) (80 304 0 ) 
4 3 13 (0 272 0 ) (0 272 144 ) (0 304 144 ) (0 304 0 ) 
4 3 4 (0 272 144 ) (0 272 0 ) (96 272 0 ) (96 272 144 ) 
4 4 14 (0 256 0 ) (0 256 224 ) (0 272 224 ) (0 272 0 ) 
4 4 6 (0 256 224 ) (0 256 0 ) (192 256 0 ) (192 256 224 ) 
4 5 15 (0 128 384 ) (0 179.199997 384 ) (0 179.199997 288 ) (0 128 288 ) 
3 5 6 (128 128 288 ) (0 128 288 ) (0 179.199997 288 ) 
4 5 7 (128 128 384 ) (0 128 384 ) (0 128 288 ) (128 128 288 ) 
4 6 16 (0 256 288 ) (0 256 0 ) (0 128 0 ) (0 128 288 ) 
4 6 7 (0 128 0 ) (256 128 0 ) (256 128 288 ) (0 128 288 ) 
4 7 15 (0 32 384 ) (0 128 384 ) (0 128 288 ) (0 32 288 ) 
4 7 16 (0 128 288 ) (0 128 0 ) (0 32 0 ) (0 32 288 ) 
4 7 8 (0 32 0 ) (240 32 0 ) (240 32 368 ) (0 32 368 ) 
4 8 21 (32 0 368 ) (0 0 368 ) (0 0 0 ) (32 0 0 ) 
4 8 20 (240 0 368 ) (32 0 368 ) (32 0 0 ) (240 0 0 ) 
4 8 17 (0 0 0 ) (0 0 368 ) (0 32 368 ) (0 32 0 ) 
4 9 13 (0 304 112 ) (0 304 144 ) (-96 304 144 ) (-96 304 112 ) 
4 9 11 (-80 304 112 ) (-128 304 112 ) (-128 576 112 ) (-80 576 112 ) 
4 9 10 (0 304 112 ) (-80 304 112 ) (-80 576 112 ) (0 576 112 ) 
4 10 13 (0 304 0 ) (0 304 112 ) (-80 304 112 ) (-80 304 0 ) 
4 10 12 (-80 661.333008 -64 ) (-80 660.881348 -64 ) (-80 660.879639 112 ) (-80 661.333008 112 ) 
5 10 11 (-80 660.881348 -64 ) (-80 575.972900 -64 ) (-80 304 -0.006393 ) (-80 304 112 ) (-80 660.879639 112 ) 
4 11 13 (-80 304 112 ) (-96 304 112 ) (-96 304 0 ) (-80 304 0 ) 
5 11 12 (-80 660.883667 112 ) (-80 660.885437 -64 ) (-127.940552 576.034973 -64 ) (-128 575.929749 -63.975243 ) (-128 575.927979 112 ) 
4 13 14 (0 272 0 ) (0 272 144 ) (-96 272 144 ) (-96 272 0 ) 
4 14 16 (-192 256 0 ) (0 256 0 ) (0 256 224 ) (-192 256 224 ) 
4 15 17 (0 32 288 ) (0 32 368 ) (-240 32 368 ) (-240 32 288 ) 
5 15 16 (0 32 288 ) (-256 32 288 ) (-256 192 288 ) (-32 192 288 ) (0 179.199997 288 ) 
4 16 17 (-240 32 0 ) (0 32 0 ) (0 32 288 ) (-240 32 288 ) 
4 17 23 (0 0 0 ) (0 0 368 ) (-32 0 368 ) (-32 0 0 ) 
4 17 24 (-32 0 368 ) (-240 0 368 ) (-240 0 0 ) (-32 0 0 ) 
4 18 20 (32 -32 368 ) (240 -32 368 ) (240 -192 368 ) (32 -192 368 ) 
4 18 19 (240 -32 368 ) (256 -32 368 ) (256 -192 368 ) (240 -192 368 ) 
4 19 20 (240 -32 0 ) (240 -192 0 ) (240 -192 368 ) (240 -32 368 ) 
4 20 21 (32 0 0 ) (32 -240 0 ) (32 -240 368 ) (32 0 368 ) 
4 21 23 (0 0 368 ) (0 0 0 ) (0 -240 0 ) (0 -240 368 ) 
4 22 25 (-256 -192 368 ) (-256 -32 368 ) (-240 -32 368 ) (-240 -192 368 ) 
4 22 24 (-240 -32 368 ) (-32 -32 368 ) (-32 -192 368 ) (-240 -192 368 ) 
4 23 24 (-32 0 0 ) (-32 -240 0 ) (-32 -240 368 ) (-32 0 368 ) 
4 24 25 (-240 -32 0 ) (-240 -192 0 ) (-240 -192 368 ) (-240 -32 368 ) 
