


materialPath: D:\Games\steamapps\common\Half-Life 2\ep2\materials
Loading D:\Projects\Maps\gm_concretecaverns\gm_concretecaverns.vmf
Could not locate 'GameData' key in d:\games\steamapps\common\half-life 2\ep2\gameinfo.txt
fixing up env_cubemap materials on brush sides...
0...1...2...3...4...5...6...7...8...9...100...1...2...3...4...5...6...7...8...9...10Processing areas...done (0)
Building Faces...done (0)
FixTjuncs...
PruneNodes...
WriteBSP...
done (0)
writing D:\Projects\Maps\gm_concretecaverns\gm_concretecaverns.prt...Building visibility clusters...
done (0)
Creating default LDR cubemaps for env_cubemap using skybox materials:
   skybox/sky_day01_01*.vmt
 ! Run buildcubemaps in the engine to get the correct cube maps.
Creating default HDR cubemaps for env_cubemap using skybox materials:
   skybox/sky_day01_01*.vmt
 ! Run buildcubemaps in the engine to get the correct cube maps.
Finding displacement neighbors...
Finding lightmap sample positions...
Displacement Alpha : 0...1...2...3...4...5...6...7...8...9...10
Building Physics collision data...
done (0) (27702 bytes)
Placing detail props : 0...1...2...3...4...5...6...7...8...9...10
Water found with no water_lod_control entity, creating a default one.
Compacting texture/material tables...
Reduced 71 texinfos to 37
Reduced 10 texdatas to 8 (299 bytes to 188)
Writing D:\Projects\Maps\gm_concretecaverns\gm_concretecaverns.bsp
0 seconds elapsed



4 threads
reading d:\projects\maps\gm_concretecaverns\gm_concretecaverns.bsp
reading d:\projects\maps\gm_concretecaverns\gm_concretecaverns.prt
 111 portalclusters
 264 numportals
0...1...2...3...4...5...6...7...8...9...100...1...2...3...4...5...6...7...8...9...10Optimized: 1 visible clusters (0.01%)
Total clusters visible: 9216
Average clusters visible: 83
Building PAS...
Average clusters audible: 111
visdatasize:4112  compressed from 3552
writing d:\projects\maps\gm_concretecaverns\gm_concretecaverns.bsp
0 seconds elapsed



[Reading texlights from 'lights.rad']
[48 texlights parsed from 'lights.rad']

Loading d:\projects\maps\gm_concretecaverns\gm_concretecaverns.bsp
322 faces
10252 square feet [1476333.00 square inches]
0 Displacements
0 Square Feet [0.00 Square Inches]
322 patches before subdivision
2552 patches after subdivision
1 direct lights
0...1...2...3...4...5...6...7...8...9...100...1...2...3...4...5...6...7...8...9...10transfers 325576, max 370
transfer lists:   2.5 megs
0...1...2...3...4...5...6...7...8...9...10	Bounce #1 added RGB(649, 647, 646)
0...1...2...3...4...5...6...7...8...9...10	Bounce #2 added RGB(403, 390, 377)
0...1...2...3...4...5...6...7...8...9...10	Bounce #3 added RGB(251, 234, 222)
0...1...2...3...4...5...6...7...8...9...10	Bounce #4 added RGB(156, 140, 130)
0...1...2...3...4...5...6...7...8...9...10	Bounce #5 added RGB(97, 83, 76)
0...1...2...3...4...5...6...7...8...9...10	Bounce #6 added RGB(60, 50, 45)
0...1...2...3...4...5...6...7...8...9...10	Bounce #7 added RGB(37, 30, 26)
0...1...2...3...4...5...6...7...8...9...10	Bounce #8 added RGB(23, 18, 15)
0...1...2...3...4...5...6...7...8...9...10	Bounce #9 added RGB(14, 10, 9)
0...1...2...3...4...5...6...7...8...9...10	Bounce #10 added RGB(9, 6, 5)
0...1...2...3...4...5...6...7...8...9...10	Bounce #11 added RGB(6, 4, 3)
0...1...2...3...4...5...6...7...8...9...10	Bounce #12 added RGB(4, 2, 2)
0...1...2...3...4...5...6...7...8...9...10	Bounce #13 added RGB(2, 1, 1)
0...1...2...3...4...5...6...7...8...9...10	Bounce #14 added RGB(1, 1, 1)
0...1...2...3...4...5...6...7...8...9...10	Bounce #15 added RGB(1, 0, 0)
Build Patch/Sample Hash Table(s).....Done<0.0003 sec>
0...1...2...3...4...5...6...7...8...9...10FinalLightFace Done
0 of 0 (0% of) surface lights went in leaf ambient cubes.
0...1...2...3...4...5...6...7...8...9...10Writing leaf ambient...done
Ready to Finish

Object names       Objects/Maxobjs  Memory / Maxmem  Fullness 
------------       ---------------  ---------------  -------- 
models                   1/1024           48/49152    ( 0.1%) 
brushes                 94/8192         1128/98304    ( 1.1%) 
brushsides             778/65536        6224/524288   ( 1.2%) 
planes                 398/65536        7960/1310720  ( 0.6%) 
vertexes               455/65536        5460/786432   ( 0.7%) 
nodes                  204/65536        6528/2097152  ( 0.3%) 
texinfos                37/12288        2664/884736   ( 0.3%) 
texdata                  8/2048          256/65536    ( 0.4%) 
dispinfos                0/0               0/0        ( 0.0%) 
disp_verts               0/0               0/0        ( 0.0%) 
disp_tris                0/0               0/0        ( 0.0%) 
disp_lmsamples           0/0               0/0        ( 0.0%) 
faces                  322/65536       18032/3670016  ( 0.5%) 
hdr faces                0/65536           0/3670016  ( 0.0%) 
origfaces              113/65536        6328/3670016  ( 0.2%) 
leaves                 206/65536        6592/2097152  ( 0.3%) 
leaffaces              365/65536         730/131072   ( 0.6%) 
leafbrushes            292/65536         584/131072   ( 0.4%) 
areas                    2/256            16/2048     ( 0.8%) 
surfedges             1912/512000       7648/2048000  ( 0.4%) 
edges                 1074/256000       4296/1024000  ( 0.4%) 
LDR worldlights          1/8192           88/720896   ( 0.0%) 
HDR worldlights          0/8192            0/720896   ( 0.0%) 
leafwaterdata            2/32768          24/393216   ( 0.0%) 
waterstrips             26/32768         260/327680   ( 0.1%) 
waterverts               0/65536           0/786432   ( 0.0%) 
waterindices           387/65536         774/131072   ( 0.6%) 
cubemapsamples           0/1024            0/16384    ( 0.0%) 
overlays                 0/512             0/180224   ( 0.0%) 
LDR lightdata         [variable]      150912/0        ( 0.0%) 
HDR lightdata         [variable]           0/0        ( 0.0%) 
visdata               [variable]        4112/16777216 ( 0.0%) 
entdata               [variable]         890/393216   ( 0.2%) 
LDR ambient table      206/65536         824/262144   ( 0.3%) 
HDR ambient table      206/65536         824/262144   ( 0.3%) 
LDR leaf ambient       287/65536        8036/1835008  ( 0.4%) 
HDR leaf ambient       206/65536        5768/1835008  ( 0.3%) 
occluders                0/0               0/0        ( 0.0%) 
occluder polygons        0/0               0/0        ( 0.0%) 
occluder vert ind        0/0               0/0        ( 0.0%) 
detail props          [variable]           1/12       ( 8.3%) 
static props          [variable]           1/12       ( 8.3%) 
pakfile               [variable]      211991/0        ( 0.0%) 
physics               [variable]       27702/4194304  ( 0.7%) 
physics terrain       [variable]           2/1048576  ( 0.0%) 

Level flags = 0

Total triangle count: 812
Writing d:\projects\maps\gm_concretecaverns\gm_concretecaverns.bsp
0 seconds elapsed



[Reading texlights from 'lights.rad']
[48 texlights parsed from 'lights.rad']

Loading d:\projects\maps\gm_concretecaverns\gm_concretecaverns.bsp
322 faces
10252 square feet [1476333.00 square inches]
0 Displacements
0 Square Feet [0.00 Square Inches]
322 patches before subdivision
2552 patches after subdivision
1 direct lights
0...1...2...3...4...5...6...7...8...9...100...1...2...3...4...5...6...7...8...9...10transfers 325576, max 370
transfer lists:   2.5 megs
0...1...2...3...4...5...6...7...8...9...10	Bounce #1 added RGB(649, 647, 646)
0...1...2...3...4...5...6...7...8...9...10	Bounce #2 added RGB(403, 390, 377)
0...1...2...3...4...5...6...7...8...9...10	Bounce #3 added RGB(251, 234, 222)
0...1...2...3...4...5...6...7...8...9...10	Bounce #4 added RGB(156, 140, 130)
0...1...2...3...4...5...6...7...8...9...10	Bounce #5 added RGB(97, 83, 76)
0...1...2...3...4...5...6...7...8...9...10	Bounce #6 added RGB(60, 50, 45)
0...1...2...3...4...5...6...7...8...9...10	Bounce #7 added RGB(37, 30, 26)
0...1...2...3...4...5...6...7...8...9...10	Bounce #8 added RGB(23, 18, 15)
0...1...2...3...4...5...6...7...8...9...10	Bounce #9 added RGB(14, 10, 9)
0...1...2...3...4...5...6...7...8...9...10	Bounce #10 added RGB(9, 6, 5)
0...1...2...3...4...5...6...7...8...9...10	Bounce #11 added RGB(6, 4, 3)
0...1...2...3...4...5...6...7...8...9...10	Bounce #12 added RGB(4, 2, 2)
0...1...2...3...4...5...6...7...8...9...10	Bounce #13 added RGB(2, 1, 1)
0...1...2...3...4...5...6...7...8...9...10	Bounce #14 added RGB(1, 1, 1)
0...1...2...3...4...5...6...7...8...9...10	Bounce #15 added RGB(1, 0, 0)
Build Patch/Sample Hash Table(s).....Done<0.0004 sec>
0...1...2...3...4...5...6...7...8...9...10FinalLightFace Done
0 of 0 (0% of) surface lights went in leaf ambient cubes.
0...1...2...3...4...5...6...7...8...9...10Writing leaf ambient...done
Ready to Finish

Object names       Objects/Maxobjs  Memory / Maxmem  Fullness 
------------       ---------------  ---------------  -------- 
models                   1/1024           48/49152    ( 0.1%) 
brushes                 94/8192         1128/98304    ( 1.1%) 
brushsides             778/65536        6224/524288   ( 1.2%) 
planes                 398/65536        7960/1310720  ( 0.6%) 
vertexes               455/65536        5460/786432   ( 0.7%) 
nodes                  204/65536        6528/2097152  ( 0.3%) 
texinfos                37/12288        2664/884736   ( 0.3%) 
texdata                  8/2048          256/65536    ( 0.4%) 
dispinfos                0/0               0/0        ( 0.0%) 
disp_verts               0/0               0/0        ( 0.0%) 
disp_tris                0/0               0/0        ( 0.0%) 
disp_lmsamples           0/0               0/0        ( 0.0%) 
faces                  322/65536       18032/3670016  ( 0.5%) 
hdr faces              322/65536       18032/3670016  ( 0.5%) 
origfaces              113/65536        6328/3670016  ( 0.2%) 
leaves                 206/65536        6592/2097152  ( 0.3%) 
leaffaces              365/65536         730/131072   ( 0.6%) 
leafbrushes            292/65536         584/131072   ( 0.4%) 
areas                    2/256            16/2048     ( 0.8%) 
surfedges             1912/512000       7648/2048000  ( 0.4%) 
edges                 1074/256000       4296/1024000  ( 0.4%) 
LDR worldlights          1/8192           88/720896   ( 0.0%) 
HDR worldlights          1/8192           88/720896   ( 0.0%) 
leafwaterdata            2/32768          24/393216   ( 0.0%) 
waterstrips             26/32768         260/327680   ( 0.1%) 
waterverts               0/65536           0/786432   ( 0.0%) 
waterindices           387/65536         774/131072   ( 0.6%) 
cubemapsamples           0/1024            0/16384    ( 0.0%) 
overlays                 0/512             0/180224   ( 0.0%) 
LDR lightdata         [variable]      150912/0        ( 0.0%) 
HDR lightdata         [variable]      150912/0        ( 0.0%) 
visdata               [variable]        4112/16777216 ( 0.0%) 
entdata               [variable]         890/393216   ( 0.2%) 
LDR ambient table      206/65536         824/262144   ( 0.3%) 
HDR ambient table      206/65536         824/262144   ( 0.3%) 
LDR leaf ambient       287/65536        8036/1835008  ( 0.4%) 
HDR leaf ambient       287/65536        8036/1835008  ( 0.4%) 
occluders                0/0               0/0        ( 0.0%) 
occluder polygons        0/0               0/0        ( 0.0%) 
occluder vert ind        0/0               0/0        ( 0.0%) 
detail props          [variable]           1/12       ( 8.3%) 
static props          [variable]           1/12       ( 8.3%) 
pakfile               [variable]      211991/0        ( 0.0%) 
physics               [variable]       27702/4194304  ( 0.7%) 
physics terrain       [variable]           2/1048576  ( 0.0%) 

Level flags = 0

Total triangle count: 812
Writing d:\projects\maps\gm_concretecaverns\gm_concretecaverns.bsp
0 seconds elapsed
