PRT1
111
264
4 0 28 (-2048 2431.769531 64 ) (-2048 2368 64 ) (-2048 2368 320 ) (-2048 2431.769531 320 ) 
3 0 15 (-2048 2368 64 ) (-2048 2431.769531 64 ) (-2042.685913 2368 64 ) 
4 0 10 (-2048 2368 64 ) (-2042.685913 2368 64 ) (-2042.685913 2368 320 ) (-2048 2368 320 ) 
4 0 1 (-2046.018921 2408.006836 320 ) (-2042.685059 2368 320 ) (-2042.685059 2368 64 ) (-2046.018921 2408.006836 64 ) 
4 1 17 (-2032.683228 2368 64 ) (-2039.258911 2368 64 ) (-2042.960083 2371.289795 64 ) (-2046.020142 2408.010498 64 ) 
3 1 16 (-2039.258911 2368 64 ) (-2042.685913 2368 64 ) (-2042.960083 2371.289795 64 ) 
4 1 10 (-2042.685913 2368 64 ) (-2032.683228 2368 64 ) (-2032.683228 2368 320 ) (-2042.685913 2368 320 ) 
4 1 2 (-2038.020752 2384.011475 320 ) (-2032.683594 2368 320 ) (-2032.683594 2368 64 ) (-2038.020752 2384.011475 64 ) 
3 2 19 (-2030.014893 2368 64 ) (-2032.683228 2368 64 ) (-2038.019897 2384.010010 64 ) 
4 2 10 (-2032.683228 2368 64 ) (-2030.014893 2368 64 ) (-2030.014893 2368 320 ) (-2032.683228 2368 320 ) 
4 3 60 (-1960 2048 320 ) (-1960 2048 256 ) (-1936.007690 2048 256 ) (-1936.007690 2048 320 ) 
4 3 61 (-1960 2048 256 ) (-1960 2048 64 ) (-1936.007690 2048 64 ) (-1936.007690 2048 256 ) 
4 3 8 (-1960 2192 64 ) (-1960 2048 64 ) (-1960 2048 320 ) (-1960 2192 320 ) 
4 3 6 (-1960 2192.003906 64 ) (-1960 2192.003906 256 ) (-1944.451538 2098.683594 256 ) (-1944.451538 2098.683594 64 ) 
4 3 4 (-1944.451538 2098.683594 320 ) (-1936.006958 2048 320 ) (-1936.006958 2048 64 ) (-1944.451538 2098.683594 64 ) 
4 4 60 (-1923.333374 2048 256 ) (-1923.333374 2048 320 ) (-1936.007690 2048 320 ) (-1936.007690 2048 256 ) 
4 4 61 (-1936.007690 2048 64 ) (-1923.333374 2048 64 ) (-1923.333374 2048 256 ) (-1936.007690 2048 256 ) 
4 4 6 (-1944.452148 2098.683594 64 ) (-1944.452148 2098.683594 256 ) (-1923.333984 2048 256 ) (-1923.333984 2048 64 ) 
4 5 8 (-1960 2311.336670 64 ) (-1960 2240 64 ) (-1960 2240 320 ) (-1960 2311.336670 320 ) 
4 5 6 (-1960 2240.003906 256 ) (-1960 2240.003906 64 ) (-1945.241577 2306.416992 64 ) (-1945.241577 2306.416992 256 ) 
4 6 61 (-1923.333374 2048 64 ) (-1920.261597 2048 64 ) (-1920.261597 2048 256 ) (-1923.333374 2048 256 ) 
4 6 8 (-1960 2240 64 ) (-1960 2192 64 ) (-1960 2192 256 ) (-1960 2240 256 ) 
4 6 7 (-1944.017212 2306.009766 256 ) (-1920 2298.003906 256 ) (-1920 2298.003906 64 ) (-1944.017212 2306.009766 64 ) 
4 8 63 (-1960 2048 384 ) (-2048 2048 384 ) (-2048 2048 64 ) (-1960 2048 64 ) 
4 8 31 (-2048 2048 64 ) (-2048 2048 384 ) (-2048 2340.669922 384 ) (-2048 2340.669922 64 ) 
3 8 14 (-1968.020020 2314.010010 64 ) (-1960 2311.336670 64 ) (-1960 2310 64 ) 
5 8 13 (-2048 2048 64 ) (-2048 2340.669922 64 ) (-1968.020020 2314.010010 64 ) (-1960 2310 64 ) (-1960 2048 64 ) 
4 8 9 (-1968.016602 2314.008057 64 ) (-2048 2340.669189 64 ) (-2048 2340.669189 384 ) (-1968.016602 2314.008057 384 ) 
4 9 31 (-2048 2340.669922 384 ) (-2048 2354 384 ) (-2048 2354 64 ) (-2048 2340.669922 64 ) 
3 9 13 (-2048 2340.669922 64 ) (-2048 2354 64 ) (-1968.020020 2314.010010 64 ) 
4 9 12 (-1992.019897 2326.009766 64 ) (-1998.820068 2329.409912 64 ) (-1998.820068 2329.409912 384 ) (-1992.019897 2326.009766 384 ) 
4 9 11 (-1998.820068 2329.409912 64 ) (-2014.686646 2337.343262 64 ) (-2014.686646 2337.343262 384 ) (-1998.820068 2329.409912 384 ) 
4 9 10 (-2014.686646 2337.343262 64 ) (-2048 2354 64 ) (-2048 2354 384 ) (-2014.686646 2337.343262 384 ) 
4 10 31 (-2048 2354 384 ) (-2048 2368 384 ) (-2048 2368 64 ) (-2048 2354 64 ) 
4 10 19 (-2032.683228 2368 64 ) (-2030.015015 2368 64 ) (-2026.019775 2360.009766 64 ) (-2032.419800 2367.209717 64 ) 
4 10 18 (-2026.019775 2360.009766 64 ) (-2022.619751 2353.209717 64 ) (-2029.914551 2359.693848 64 ) (-2032.419800 2367.209717 64 ) 
3 10 17 (-2039.259033 2368 64 ) (-2032.683228 2368 64 ) (-2029.914551 2359.693848 64 ) 
5 10 16 (-2042.685913 2368 64 ) (-2039.259033 2368 64 ) (-2022.619751 2353.209717 64 ) (-2014.686523 2337.343262 64 ) (-2041.237305 2350.618652 64 ) 
4 10 15 (-2048 2354 64 ) (-2048 2368 64 ) (-2042.685913 2368 64 ) (-2041.237305 2350.618652 64 ) 
4 10 11 (-2014.689453 2337.347656 384 ) (-2014.689453 2337.347656 64 ) (-2026.021484 2360.011719 64 ) (-2026.021484 2360.011719 384 ) 
3 11 18 (-2022.619873 2353.209717 64 ) (-2026.019897 2360.009766 64 ) (-2010.019653 2342.009521 64 ) 
4 11 16 (-1998.820190 2329.410156 64 ) (-2014.686523 2337.343262 64 ) (-2022.619873 2353.209717 64 ) (-2010.019653 2342.009521 64 ) 
4 11 12 (-1998.819946 2329.408936 384 ) (-1998.819946 2329.408936 64 ) (-2010.022461 2342.011963 64 ) (-2010.022461 2342.011963 384 ) 
3 12 16 (-1992.020752 2326.010498 64 ) (-1998.820190 2329.410156 64 ) (-2010.019653 2342.009521 64 ) 
4 13 73 (-1960 2048 64 ) (-1967.292603 2048 64 ) (-1967.292603 2048 48 ) (-1960 2048 48 ) 
4 13 71 (-1967.292603 2048 64 ) (-2048 2048 64 ) (-2048 2048 48 ) (-1967.292603 2048 48 ) 
4 13 20 (-1960 2048 48 ) (-2048 2048 48 ) (-2048 2354 48 ) (-1960 2310 48 ) 
4 13 16 (-1992.020264 2326.010254 48 ) (-2041.237305 2350.618652 48 ) (-2041.237305 2350.618652 64 ) (-1992.020264 2326.010254 64 ) 
4 13 15 (-2041.237305 2350.618652 48 ) (-2048 2354 48 ) (-2048 2354 64 ) (-2041.237305 2350.618652 64 ) 
4 13 14 (-1960 2310 64 ) (-1960 2310 48 ) (-1968.019897 2314.010010 48 ) (-1968.019897 2314.010010 64 ) 
3 14 21 (-1960 2311.336670 48 ) (-1960 2310 48 ) (-1968.019897 2314.010010 48 ) 
3 15 22 (-2048 2354 48 ) (-2048 2431.770508 48 ) (-2041.237305 2350.618652 48 ) 
4 15 17 (-2042.959473 2371.289307 48 ) (-2046.019287 2408.007813 48 ) (-2046.019287 2408.007813 64 ) (-2042.959473 2371.289307 64 ) 
4 15 16 (-2041.236816 2350.617676 64 ) (-2041.236816 2350.617676 48 ) (-2042.959473 2371.289307 48 ) (-2042.959473 2371.289307 64 ) 
3 16 23 (-1992.020264 2326.010254 48 ) (-2041.237305 2350.618652 48 ) (-2042.959961 2371.289795 48 ) 
4 16 18 (-2010.013916 2342.003174 48 ) (-2029.913818 2359.691650 48 ) (-2029.913818 2359.691650 64 ) (-2010.013916 2342.003174 64 ) 
4 16 17 (-2029.913818 2359.691650 48 ) (-2042.958984 2371.287109 48 ) (-2042.958984 2371.287109 64 ) (-2029.913818 2359.691650 64 ) 
3 17 24 (-2029.914551 2359.693848 48 ) (-2042.959961 2371.289795 48 ) (-2046.019897 2408.009766 48 ) 
4 17 19 (-2032.420410 2367.210449 48 ) (-2038.020874 2384.011963 48 ) (-2038.020874 2384.011963 64 ) (-2032.420410 2367.210449 64 ) 
4 17 18 (-2029.914063 2359.691406 64 ) (-2029.914063 2359.691406 48 ) (-2032.420410 2367.210449 48 ) (-2032.420410 2367.210449 64 ) 
3 18 25 (-2010.019531 2342.009521 48 ) (-2029.914551 2359.693848 48 ) (-2032.419922 2367.209717 48 ) 
4 18 19 (-2026.021240 2360.012451 48 ) (-2032.419922 2367.210938 48 ) (-2032.419922 2367.210938 64 ) (-2026.021240 2360.012451 64 ) 
3 19 26 (-2026.019653 2360.009521 48 ) (-2032.419922 2367.209717 48 ) (-2038.020142 2384.010498 48 ) 
4 20 80 (-1960 2048 48 ) (-1967.292603 2048 48 ) (-1967.292603 2048 0 ) (-1960 2048 0 ) 
4 20 78 (-1967.292603 2048 48 ) (-2048 2048 48 ) (-2048 2048 0 ) (-1967.292603 2048 0 ) 
4 20 23 (-1992.020264 2326.010254 0 ) (-2041.237305 2350.618652 0 ) (-2041.237305 2350.618652 48 ) (-1992.020264 2326.010254 48 ) 
4 20 22 (-2041.237305 2350.618652 0 ) (-2048 2354 0 ) (-2048 2354 48 ) (-2041.237305 2350.618652 48 ) 
4 20 21 (-1960 2310 48 ) (-1960 2310 0 ) (-1968.019897 2314.010010 0 ) (-1968.019897 2314.010010 48 ) 
4 22 24 (-2042.959473 2371.289307 0 ) (-2046.019287 2408.007813 0 ) (-2046.019287 2408.007813 48 ) (-2042.959473 2371.289307 48 ) 
4 22 23 (-2041.236816 2350.617676 48 ) (-2041.236816 2350.617676 0 ) (-2042.959473 2371.289307 0 ) (-2042.959473 2371.289307 48 ) 
4 23 25 (-2010.013550 2342.002686 0 ) (-2029.913940 2359.691650 0 ) (-2029.913940 2359.691650 48 ) (-2010.013550 2342.002686 48 ) 
4 23 24 (-2029.913940 2359.691650 0 ) (-2042.958984 2371.287109 0 ) (-2042.958984 2371.287109 48 ) (-2029.913940 2359.691650 48 ) 
4 24 26 (-2032.420410 2367.210449 0 ) (-2038.020874 2384.011963 0 ) (-2038.020874 2384.011963 48 ) (-2032.420410 2367.210449 48 ) 
4 24 25 (-2029.914063 2359.691406 48 ) (-2029.914063 2359.691406 0 ) (-2032.420410 2367.210449 0 ) (-2032.420410 2367.210449 48 ) 
4 25 26 (-2026.021240 2360.012451 0 ) (-2032.419922 2367.210938 0 ) (-2032.419922 2367.210938 48 ) (-2026.021240 2360.012451 48 ) 
4 27 42 (-2048 2496 64 ) (-2048 2432 64 ) (-2304 2432 64 ) (-2304 2496 64 ) 
4 27 41 (-2048 2688 64 ) (-2048 2496 64 ) (-2304 2496 64 ) (-2304 2688 64 ) 
4 27 28 (-2304 2432 64 ) (-2048 2432 64 ) (-2048 2432 192 ) (-2304 2432 192 ) 
3 28 48 (-2304 2404 64 ) (-2306.790527 2398.419434 64 ) (-2304 2431.906250 64 ) 
4 28 47 (-2304 2384.750244 64 ) (-2308.336182 2379.872070 64 ) (-2306.790527 2398.419434 64 ) (-2304 2404 64 ) 
4 28 43 (-2304 2368 64 ) (-2309.325439 2368 64 ) (-2308.336182 2379.872070 64 ) (-2304 2384.750244 64 ) 
4 28 31 (-2309.325439 2368 64 ) (-2048 2368 64 ) (-2048 2368 320 ) (-2309.325439 2368 320 ) 
4 28 29 (-2309.325195 2368 64 ) (-2309.325195 2368 320 ) (-2305.989258 2408.032715 320 ) (-2305.989258 2408.032715 64 ) 
3 29 49 (-2305.989502 2408.031738 64 ) (-2306.790527 2398.418945 64 ) (-2314 2384 64 ) 
5 29 47 (-2306.790527 2398.418945 64 ) (-2308.336182 2379.872070 64 ) (-2318.888916 2368 64 ) (-2319.333496 2368 64 ) (-2314 2384 64 ) 
3 29 43 (-2308.336182 2379.872070 64 ) (-2309.325439 2368 64 ) (-2318.888916 2368 64 ) 
4 29 33 (-2319.333496 2368 64 ) (-2318.888916 2368 64 ) (-2318.888916 2368 320 ) (-2319.333496 2368 320 ) 
4 29 31 (-2318.888916 2368 64 ) (-2309.325439 2368 64 ) (-2309.325439 2368 320 ) (-2318.888916 2368 320 ) 
4 29 30 (-2314.006836 2383.986572 64 ) (-2319.335938 2368 64 ) (-2319.335938 2368 320 ) (-2314.006836 2383.986572 320 ) 
3 30 47 (-2314 2384 64 ) (-2319.333496 2368 64 ) (-2322 2368 64 ) 
4 30 33 (-2322 2368 64 ) (-2319.333496 2368 64 ) (-2319.333496 2368 320 ) (-2322 2368 320 ) 
4 31 85 (-2048 2048 64 ) (-2048 2048 384 ) (-2392 2048 384 ) (-2392 2048 64 ) 
5 31 43 (-2304 2048 64 ) (-2392 2048 64 ) (-2392 2285.750000 64 ) (-2318.888672 2368 64 ) (-2304 2368 64 ) 
4 31 40 (-2392 2160 64 ) (-2392 2111.998779 64 ) (-2392 2111.998779 256 ) (-2392 2160 256 ) 
4 31 37 (-2392 2285.750000 64 ) (-2392 2160 64 ) (-2392 2160 320 ) (-2392 2285.750000 320 ) 
4 31 36 (-2392 2111.998779 64 ) (-2392 2048 64 ) (-2392 2048 320 ) (-2392 2111.998779 320 ) 
4 31 35 (-2342.002441 2341.997559 64 ) (-2353.200928 2329.399414 64 ) (-2353.200928 2329.399414 384 ) (-2342.002441 2341.997559 384 ) 
4 31 33 (-2318.889648 2368 384 ) (-2318.889648 2368 64 ) (-2326 2360 64 ) (-2326 2360 384 ) 
4 31 32 (-2353.200928 2329.399414 64 ) (-2392 2285.750000 64 ) (-2392 2285.750000 384 ) (-2353.200928 2329.399414 384 ) 
3 32 44 (-2392 2285.750000 64 ) (-2392 2310 64 ) (-2353.200195 2329.399658 64 ) 
4 32 38 (-2392 2310 64 ) (-2392 2307.325439 64 ) (-2392 2307.325439 320 ) (-2392 2310 320 ) 
4 32 37 (-2392 2307.325439 64 ) (-2392 2285.750000 64 ) (-2392 2285.750000 320 ) (-2392 2307.325439 320 ) 
4 32 35 (-2353.205078 2329.395508 384 ) (-2353.205078 2329.395508 64 ) (-2360.005371 2325.995361 64 ) (-2360.005371 2325.995361 384 ) 
4 32 34 (-2383.987793 2314.004150 64 ) (-2392 2309.998047 64 ) (-2392 2309.998047 384 ) (-2383.987793 2314.004150 384 ) 
3 33 47 (-2322 2368 64 ) (-2318.888672 2368 64 ) (-2326 2360 64 ) 
3 34 46 (-2392 2310 64 ) (-2392 2311.333496 64 ) (-2383.997314 2314 64 ) 
4 34 38 (-2392 2311.333496 64 ) (-2392 2310 64 ) (-2392 2310 320 ) (-2392 2311.333496 320 ) 
3 35 45 (-2342 2342 64 ) (-2353.200195 2329.399658 64 ) (-2360 2326 64 ) 
4 36 90 (-2406.221924 2048 64 ) (-2392 2048 64 ) (-2392 2048 320 ) (-2406.221924 2048 320 ) 
4 36 40 (-2392 2111.996094 256 ) (-2392 2111.996094 64 ) (-2406.221436 2048 64 ) (-2406.221436 2048 256 ) 
4 37 40 (-2392 2160.003906 64 ) (-2392 2160.003906 256 ) (-2416.209717 2305.308105 256 ) (-2416.209717 2305.308105 64 ) 
4 37 39 (-2407.546387 2253.311035 320 ) (-2416.209717 2305.308105 320 ) (-2416.209717 2305.308105 256 ) (-2407.546387 2253.311035 256 ) 
4 37 38 (-2408.033691 2305.988770 320 ) (-2392 2307.324951 320 ) (-2392 2307.324951 64 ) (-2408.033691 2305.988770 64 ) 
3 39 40 (-2416.211914 2305.307861 256 ) (-2407.550293 2253.321289 256 ) (-2428.775146 2304.260742 256 ) 
4 40 92 (-2432 2048 256 ) (-2432 2048 64 ) (-2413.969727 2048 64 ) (-2413.969727 2048 256 ) 
4 40 91 (-2413.969727 2048 64 ) (-2406.221924 2048 64 ) (-2406.221924 2048 256 ) (-2413.969727 2048 256 ) 
4 41 52 (-2048 2560 48 ) (-2048 2496 48 ) (-2304 2496 48 ) (-2304 2560 48 ) 
4 41 51 (-2048 2624 48 ) (-2048 2560 48 ) (-2304 2560 48 ) (-2304 2624 48 ) 
4 41 50 (-2048 2688 48 ) (-2048 2624 48 ) (-2304 2624 48 ) (-2304 2688 48 ) 
4 41 42 (-2304 2496 64 ) (-2304 2496 56 ) (-2048 2496 56 ) (-2048 2496 64 ) 
4 43 97 (-2304 2048 64 ) (-2392 2048 64 ) (-2392 2048 48 ) (-2304 2048 48 ) 
4 43 53 (-2304 2048 48 ) (-2392 2048 48 ) (-2392 2285.750244 48 ) (-2304 2384.750000 48 ) 
4 43 47 (-2304 2384.747803 48 ) (-2326.002441 2359.995361 48 ) (-2326.002441 2359.995361 64 ) (-2304 2384.747803 64 ) 
4 43 45 (-2341.990967 2342.008301 48 ) (-2353.196777 2329.401611 48 ) (-2353.196777 2329.401611 64 ) (-2341.990967 2342.008301 64 ) 
4 43 44 (-2353.196777 2329.401611 48 ) (-2392 2285.748047 48 ) (-2392 2285.748047 64 ) (-2353.196777 2329.401611 64 ) 
3 44 54 (-2392 2285.750244 48 ) (-2392 2310 48 ) (-2353.200195 2329.399902 48 ) 
4 44 46 (-2383.987305 2314.004395 48 ) (-2392 2309.998047 48 ) (-2392 2309.998047 64 ) (-2383.987305 2314.004395 64 ) 
4 44 45 (-2353.205078 2329.395508 64 ) (-2353.205078 2329.395508 48 ) (-2360.005127 2325.995361 48 ) (-2360.005127 2325.995361 64 ) 
3 45 55 (-2342 2342 48 ) (-2353.200195 2329.399902 48 ) (-2360 2326 48 ) 
3 46 56 (-2392 2310 48 ) (-2392 2311.333496 48 ) (-2383.998535 2314 48 ) 
3 47 57 (-2304 2384.750000 48 ) (-2326 2360 48 ) (-2304 2404 48 ) 
4 47 49 (-2306.790527 2398.418945 48 ) (-2314 2384 48 ) (-2314 2384 64 ) (-2306.790527 2398.418945 64 ) 
4 47 48 (-2304 2404 48 ) (-2306.790527 2398.418945 48 ) (-2306.790527 2398.418945 64 ) (-2304 2404 64 ) 
3 48 58 (-2304 2431.906006 48 ) (-2304 2404 48 ) (-2306.790527 2398.418945 48 ) 
4 48 49 (-2305.989502 2408.031738 48 ) (-2306.790527 2398.420898 48 ) (-2306.790527 2398.420898 64 ) (-2305.989502 2408.031738 64 ) 
3 49 59 (-2305.989502 2408.031738 48 ) (-2306.790527 2398.418945 48 ) (-2314 2384 48 ) 
4 50 51 (-2304 2624 48 ) (-2304 2624 24 ) (-2048 2624 24 ) (-2048 2624 48 ) 
4 51 52 (-2304 2560 48 ) (-2304 2560 40 ) (-2048 2560 40 ) (-2048 2560 48 ) 
4 53 104 (-2304 2048 48 ) (-2392 2048 48 ) (-2392 2048 0 ) (-2304 2048 0 ) 
4 53 57 (-2304 2384.750000 0 ) (-2326 2360 0 ) (-2326 2360 48 ) (-2304 2384.750000 48 ) 
4 53 55 (-2342 2342 0 ) (-2353.200195 2329.399902 0 ) (-2353.200195 2329.399902 48 ) (-2342 2342 48 ) 
4 53 54 (-2353.200195 2329.399902 0 ) (-2392 2285.750000 0 ) (-2392 2285.750000 48 ) (-2353.200195 2329.399902 48 ) 
4 54 56 (-2383.987305 2314.004395 0 ) (-2392 2309.998047 0 ) (-2392 2309.998047 48 ) (-2383.987305 2314.004395 48 ) 
4 54 55 (-2353.205078 2329.395508 48 ) (-2353.205078 2329.395508 0 ) (-2360.005127 2325.995361 0 ) (-2360.005127 2325.995361 48 ) 
4 57 59 (-2306.790283 2398.421631 0 ) (-2314 2384.003662 0 ) (-2314 2384.003662 48 ) (-2306.790283 2398.421631 48 ) 
4 57 58 (-2304 2404.002441 0 ) (-2306.790283 2398.421631 0 ) (-2306.790283 2398.421631 48 ) (-2304 2404.002441 48 ) 
4 58 59 (-2305.989502 2408.031738 0 ) (-2306.790527 2398.420898 0 ) (-2306.790527 2398.420898 48 ) (-2305.989502 2408.031738 48 ) 
4 60 63 (-1960 2044.688477 256 ) (-1960 2044.688477 320 ) (-1960 2048 320 ) (-1960 2048 256 ) 
4 60 62 (-1944.022583 2046.019287 320 ) (-1960 2044.687988 320 ) (-1960 2044.687988 256 ) (-1944.022583 2046.019287 256 ) 
4 60 61 (-1923.229370 2047.750366 256 ) (-1960 2044.686035 256 ) (-1960 2048 256 ) (-1923.340820 2048.017822 256 ) 
4 61 63 (-1960 2048 64 ) (-1960 2044.688477 64 ) (-1960 2044.688477 256 ) (-1960 2048 256 ) 
4 61 62 (-1944.022217 2046.019287 256 ) (-1960 2044.687988 256 ) (-1960 2044.687988 64 ) (-1944.022217 2046.019287 64 ) 
4 62 63 (-1960 2044.688477 64 ) (-1960 2040.693359 64 ) (-1960 2040.693359 320 ) (-1960 2044.688477 320 ) 
4 63 85 (-2048 2048 384 ) (-2048 2048 64 ) (-2048 2011.359985 64 ) (-2048 2011.359985 384 ) 
3 63 76 (-1960 2042.030029 64 ) (-1960 2040.693359 64 ) (-1968.020020 2038.020020 64 ) 
5 63 73 (-1967.292603 2048 64 ) (-1960 2048 64 ) (-1960 2042.030029 64 ) (-1968.020020 2038.020020 64 ) (-1984.819946 2032.420044 64 ) 
4 63 71 (-2048 2011.359985 64 ) (-2048 2048 64 ) (-1967.292603 2048 64 ) (-1984.819946 2032.420044 64 ) 
4 63 67 (-1984.821899 2032.418457 64 ) (-1968.026123 2038.016968 64 ) (-1968.026123 2038.016968 384 ) (-1984.821899 2032.418457 384 ) 
4 63 66 (-1992.336792 2029.913452 64 ) (-1984.821899 2032.418457 64 ) (-1984.821899 2032.418457 384 ) (-1992.336792 2029.913452 384 ) 
4 63 64 (-2048 2011.359009 64 ) (-1992.336792 2029.913452 64 ) (-1992.336792 2029.913452 384 ) (-2048 2011.359009 384 ) 
4 64 85 (-2048 2011.359985 64 ) (-2048 1984 64 ) (-2048 1984 384 ) (-2048 2011.359985 384 ) 
3 64 74 (-2010.019775 2010.020264 64 ) (-2026.020264 1992.019775 64 ) (-2022.619995 1998.820068 64 ) 
4 64 72 (-2026.020264 1992.019775 64 ) (-2033.148926 1984 64 ) (-2039.292725 1984 64 ) (-2022.619995 1998.820068 64 ) 
5 64 71 (-2048 1984 64 ) (-2048 2011.359985 64 ) (-1992.335693 2029.914795 64 ) (-2010.019775 2010.020264 64 ) (-2039.292725 1984 64 ) 
4 64 68 (-2048 1984 64 ) (-2033.148926 1984 64 ) (-2033.148926 1984 256 ) (-2048 1984 256 ) 
4 64 66 (-2010.029175 2010.011841 64 ) (-1992.341797 2029.910156 64 ) (-1992.341797 2029.910156 384 ) (-2010.029175 2010.011841 384 ) 
4 64 65 (-2033.150635 1984 384 ) (-2033.150635 1984 64 ) (-2026.017578 1992.024780 64 ) (-2026.017578 1992.024780 384 ) 
3 65 72 (-2030.030151 1984 64 ) (-2033.148926 1984 64 ) (-2026.020264 1992.019775 64 ) 
4 65 68 (-2033.148926 1984 64 ) (-2030.030151 1984 64 ) (-2030.030151 1984 256 ) (-2033.148926 1984 256 ) 
3 66 71 (-1992.335693 2029.914795 64 ) (-1984.819702 2032.420166 64 ) (-2010.020508 2010.019409 64 ) 
4 66 67 (-1992.024414 2026.017822 64 ) (-1984.825684 2032.416382 64 ) (-1984.825684 2032.416382 384 ) (-1992.024414 2026.017822 384 ) 
3 67 73 (-1984.819702 2032.420166 64 ) (-1968.019897 2038.020020 64 ) (-1992.019775 2026.020142 64 ) 
4 68 96 (-2048 1984 64 ) (-2048 1948.060059 64 ) (-2048 1948.060059 256 ) (-2048 1984 256 ) 
4 68 72 (-2048 1948.060059 64 ) (-2048 1976.260010 64 ) (-2039.292480 1984 64 ) (-2030.030151 1984 64 ) 
3 68 71 (-2048 1976.260010 64 ) (-2048 1984 64 ) (-2039.292480 1984 64 ) 
4 68 70 (-2038.021240 1968.016113 256 ) (-2045.220337 1953.617920 256 ) (-2045.220337 1953.617920 64 ) (-2038.021240 1968.016113 64 ) 
4 68 69 (-2045.220337 1953.617920 256 ) (-2048 1948.058594 256 ) (-2048 1948.058594 64 ) (-2045.220337 1953.617920 64 ) 
4 69 96 (-2048 1948.060059 64 ) (-2048 1920.261597 64 ) (-2048 1920.261597 256 ) (-2048 1948.060059 256 ) 
3 69 77 (-2048 1920.261597 64 ) (-2048 1938.080078 64 ) (-2046.020142 1944.019897 64 ) 
4 69 75 (-2048 1938.080078 64 ) (-2048 1948.060059 64 ) (-2045.220093 1953.619995 64 ) (-2046.020142 1944.019897 64 ) 
4 69 70 (-2045.219849 1953.623047 64 ) (-2045.219849 1953.623047 256 ) (-2046.020142 1944.019897 256 ) (-2046.020142 1944.019897 64 ) 
3 70 75 (-2046.020142 1944.019897 64 ) (-2045.220093 1953.619995 64 ) (-2038.020020 1968.020142 64 ) 
3 71 78 (-2048 1976.260010 48 ) (-2048 2048 48 ) (-1967.292603 2048 48 ) 
4 71 74 (-2022.621582 1998.817017 48 ) (-2010.025024 2010.014282 48 ) (-2010.019653 2010.020508 64 ) (-2022.619995 1998.820190 64 ) 
4 71 73 (-1992.018066 2026.020996 48 ) (-1967.292480 2048 48 ) (-1967.292725 2048 64 ) (-1992.020386 2026.019897 64 ) 
4 71 72 (-2048 1976.257813 48 ) (-2022.621582 1998.817017 48 ) (-2022.619995 1998.820190 64 ) (-2048 1976.260254 64 ) 
3 72 79 (-2048 1948.060181 48 ) (-2048 1976.260010 48 ) (-2022.620117 1998.819946 48 ) 
4 72 75 (-2048 1948.058594 48 ) (-2038.021362 1968.015991 48 ) (-2038.021362 1968.015991 64 ) (-2048 1948.058594 64 ) 
4 72 74 (-2026.018311 1992.021973 48 ) (-2022.621094 1998.816406 48 ) (-2022.621094 1998.816406 64 ) (-2026.018311 1992.021973 64 ) 
4 73 80 (-1992.020020 2026.020020 48 ) (-1967.292603 2048 48 ) (-1960 2048 48 ) (-1960 2042.030151 48 ) 
4 73 76 (-1968.015137 2038.021729 48 ) (-1960 2042.029297 48 ) (-1960 2042.029297 64 ) (-1968.015137 2038.021729 64 ) 
3 74 81 (-2026.020264 1992.019653 48 ) (-2022.620117 1998.819946 48 ) (-2010.019653 2010.020386 48 ) 
3 75 82 (-2048 1938.080078 48 ) (-2048 1948.060181 48 ) (-2038.019897 1968.020264 48 ) 
4 75 77 (-2048 1938.078125 48 ) (-2046.020264 1944.017212 48 ) (-2046.020508 1944.015747 64 ) (-2048 1938.077148 64 ) 
3 76 83 (-1968.021240 2038.019531 48 ) (-1960 2042.030151 48 ) (-1960 2040.693237 48 ) 
3 77 84 (-2048 1920.261719 48 ) (-2048 1938.080078 48 ) (-2046.020142 1944.019531 48 ) 
4 78 81 (-2022.621582 1998.817017 0 ) (-2010.025024 2010.014282 0 ) (-2010.019653 2010.020508 48 ) (-2022.619995 1998.820190 48 ) 
4 78 80 (-1992.018066 2026.020996 0 ) (-1967.292480 2048 0 ) (-1967.292725 2048 48 ) (-1992.020386 2026.019897 48 ) 
4 78 79 (-2048 1976.257813 0 ) (-2022.621582 1998.817017 0 ) (-2022.619995 1998.820190 48 ) (-2048 1976.260254 48 ) 
4 79 82 (-2048 1948.058594 0 ) (-2038.021362 1968.015991 0 ) (-2038.021362 1968.015991 48 ) (-2048 1948.058594 48 ) 
4 79 81 (-2026.018311 1992.021973 0 ) (-2022.621094 1998.816406 0 ) (-2022.621094 1998.816406 48 ) (-2026.018311 1992.021973 48 ) 
4 80 83 (-1968.015503 2038.021484 0 ) (-1960 2042.029297 0 ) (-1960 2042.029297 48 ) (-1968.015503 2038.021484 48 ) 
4 82 84 (-2048 1938.078125 0 ) (-2046.020264 1944.017212 0 ) (-2046.020508 1944.015747 48 ) (-2048 1938.077148 48 ) 
4 85 97 (-2392 2048 64 ) (-2304 2048 64 ) (-2304 2011.343384 64 ) (-2392 2040.676636 64 ) 
4 85 96 (-2221.969971 1984 256 ) (-2221.969971 1984 64 ) (-2048 1984 64 ) (-2048 1984 256 ) 
4 85 90 (-2392 2048 64 ) (-2392 2040.676636 64 ) (-2392 2040.676636 320 ) (-2392 2048 320 ) 
4 85 86 (-2384.006836 2038.013306 64 ) (-2221.967773 1984 64 ) (-2221.967773 1984 384 ) (-2384.006836 2038.013306 384 ) 
3 86 98 (-2304 1998.009888 64 ) (-2384 2038.010132 64 ) (-2304 2011.343262 64 ) 
4 86 96 (-2240 1984 64 ) (-2221.969971 1984 64 ) (-2221.969971 1984 256 ) (-2240 1984 256 ) 
4 86 93 (-2275.980225 1984 320 ) (-2275.980225 1984 64 ) (-2240 1984 64 ) (-2240 1984 320 ) 
4 86 87 (-2360 2026.009521 64 ) (-2275.980469 1984 64 ) (-2275.980469 1984 384 ) (-2360 2026.009521 384 ) 
3 87 101 (-2322.105225 1992.325806 64 ) (-2360 2026.009644 64 ) (-2328 2010.009888 64 ) 
5 87 100 (-2309.332764 1984 64 ) (-2312.738770 1984 64 ) (-2322.105225 1992.325806 64 ) (-2328 2010.009888 64 ) (-2310.782959 2001.401367 64 ) 
4 87 99 (-2304 1984 64 ) (-2309.332764 1984 64 ) (-2310.782959 2001.401367 64 ) (-2304 1998.009888 64 ) 
4 87 93 (-2312.738770 1984 320 ) (-2312.738770 1984 64 ) (-2275.980225 1984 64 ) (-2275.980225 1984 320 ) 
4 87 88 (-2342.007080 2010.018188 64 ) (-2312.735840 1984 64 ) (-2312.735840 1984 384 ) (-2342.007080 2010.018188 384 ) 
3 88 103 (-2326 1992.009766 64 ) (-2342 2010.009888 64 ) (-2329.399658 1998.809570 64 ) 
4 88 102 (-2319.600342 1984.810425 64 ) (-2326 1992.009766 64 ) (-2329.399658 1998.809570 64 ) (-2322.105469 1992.325928 64 ) 
4 88 100 (-2312.738770 1984 64 ) (-2318.879883 1984 64 ) (-2319.600342 1984.810425 64 ) (-2322.105469 1992.325928 64 ) 
4 88 93 (-2318.879883 1984 320 ) (-2318.879883 1984 64 ) (-2312.738770 1984 64 ) (-2312.738770 1984 320 ) 
4 88 89 (-2326.001709 1992.013916 64 ) (-2318.878418 1984 64 ) (-2318.878418 1984 384 ) (-2326.001709 1992.013916 384 ) 
4 89 102 (-2319.330078 1984 64 ) (-2321.994873 1984 64 ) (-2326 1992.010010 64 ) (-2319.600342 1984.810425 64 ) 
3 89 100 (-2318.879883 1984 64 ) (-2319.330078 1984 64 ) (-2319.600342 1984.810425 64 ) 
4 89 93 (-2321.994873 1984 320 ) (-2321.994873 1984 64 ) (-2318.879883 1984 64 ) (-2318.879883 1984 320 ) 
4 90 91 (-2406.221191 2048 256 ) (-2406.221191 2048 64 ) (-2406.755615 2045.595215 64 ) (-2406.755615 2045.595215 256 ) 
4 91 92 (-2408.001465 2046.010254 256 ) (-2413.970703 2048 256 ) (-2413.970703 2048 64 ) (-2408.001465 2046.010254 64 ) 
3 93 102 (-2321.994873 1984 64 ) (-2319.330078 1984 64 ) (-2314 1968.011230 64 ) 
4 93 100 (-2319.330078 1984 64 ) (-2309.332764 1984 64 ) (-2306.800293 1953.610596 64 ) (-2314 1968.011230 64 ) 
4 93 99 (-2309.332764 1984 64 ) (-2304 1984 64 ) (-2304 1948.010132 64 ) (-2306.800293 1953.610596 64 ) 
4 93 96 (-2240 1984 64 ) (-2240 1984 256 ) (-2298.567871 1937.145752 256 ) (-2298.567871 1937.145752 64 ) 
4 93 95 (-2306.800293 1953.612305 320 ) (-2314.002197 1968.015991 320 ) (-2314.002197 1968.015991 64 ) (-2306.800293 1953.612305 64 ) 
4 93 94 (-2298.568359 1937.148438 64 ) (-2298.568359 1937.148438 320 ) (-2306.800293 1953.612305 320 ) (-2306.800293 1953.612305 64 ) 
4 94 99 (-2306.800049 1953.610352 64 ) (-2304 1948.010254 64 ) (-2304 1932.800171 64 ) (-2305 1932 64 ) 
4 94 96 (-2305 1932 256 ) (-2305 1932 64 ) (-2298.567871 1937.145752 64 ) (-2298.567871 1937.145752 256 ) 
4 94 95 (-2306.799805 1953.609375 320 ) (-2306.799805 1953.609375 64 ) (-2306 1944.009033 64 ) (-2306 1944.009033 320 ) 
3 95 100 (-2314 1968.011963 64 ) (-2306.800049 1953.610352 64 ) (-2306 1944.009155 64 ) 
3 96 99 (-2304 1920 64 ) (-2305 1932 64 ) (-2304 1932.800049 64 ) 
4 97 104 (-2392 2040.676758 48 ) (-2392 2048 48 ) (-2304 2048 48 ) (-2304 2011.343384 48 ) 
4 97 98 (-2384.006836 2038.013428 48 ) (-2304 2011.344360 48 ) (-2304 2011.344604 64 ) (-2384.007080 2038.013428 64 ) 
3 98 105 (-2384.001221 2038.010498 48 ) (-2304 2011.343384 48 ) (-2304 1998.009888 48 ) 
4 98 101 (-2360 2026.009399 48 ) (-2328 2010.009766 48 ) (-2328 2010.009766 64 ) (-2360 2026.009399 64 ) 
4 98 100 (-2328 2010.009766 48 ) (-2310.782959 2001.401245 48 ) (-2310.782959 2001.401245 64 ) (-2328 2010.009766 64 ) 
4 98 99 (-2310.782959 2001.401245 48 ) (-2304 1998.009766 48 ) (-2304 1998.009766 64 ) (-2310.782959 2001.401245 64 ) 
3 99 106 (-2310.782959 2001.401367 48 ) (-2304 1998.009888 48 ) (-2304 1920.007080 48 ) 
4 99 100 (-2310.782471 2001.401611 64 ) (-2310.782471 2001.401611 48 ) (-2306 1944.008057 48 ) (-2306 1944.008057 64 ) 
3 100 107 (-2328 2010.009888 48 ) (-2310.782959 2001.401367 48 ) (-2306 1944.010132 48 ) 
4 100 102 (-2322.104980 1992.325439 48 ) (-2314 1968.011230 48 ) (-2314 1968.011230 64 ) (-2322.104980 1992.325439 64 ) 
4 100 101 (-2328 2010.009155 64 ) (-2328 2010.009155 48 ) (-2322.104980 1992.325439 48 ) (-2322.104980 1992.325439 64 ) 
3 101 108 (-2360 2026.009766 48 ) (-2328 2010.009888 48 ) (-2322.105469 1992.325928 48 ) 
4 101 103 (-2341.992920 2010.002319 48 ) (-2329.398438 1998.807251 48 ) (-2329.398438 1998.807251 64 ) (-2341.992920 2010.002319 64 ) 
4 101 102 (-2329.398438 1998.807251 48 ) (-2322.109375 1992.328125 48 ) (-2322.109375 1992.328125 64 ) (-2329.398438 1998.807251 64 ) 
3 102 109 (-2329.399414 1998.809448 48 ) (-2322.105469 1992.325928 48 ) (-2314.001221 1968.012817 48 ) 
4 102 103 (-2329.397461 1998.806641 64 ) (-2329.397461 1998.806641 48 ) (-2325.998291 1992.008057 48 ) (-2325.998291 1992.008057 64 ) 
3 103 110 (-2342 2010.009277 48 ) (-2329.399414 1998.809448 48 ) (-2326 1992.009644 48 ) 
4 104 105 (-2384.006836 2038.013428 0 ) (-2304 2011.344360 0 ) (-2304 2011.344604 48 ) (-2384.007080 2038.013428 48 ) 
4 105 108 (-2360 2026.009399 0 ) (-2328 2010.009766 0 ) (-2328 2010.009766 48 ) (-2360 2026.009399 48 ) 
4 105 107 (-2328 2010.009766 0 ) (-2310.782959 2001.401245 0 ) (-2310.782959 2001.401245 48 ) (-2328 2010.009766 48 ) 
4 105 106 (-2310.782959 2001.401245 0 ) (-2304 1998.009766 0 ) (-2304 1998.009766 48 ) (-2310.782959 2001.401245 48 ) 
4 106 107 (-2310.782471 2001.401611 48 ) (-2310.782471 2001.401611 0 ) (-2306 1944.008057 0 ) (-2306 1944.008057 48 ) 
4 107 109 (-2322.104980 1992.325562 0 ) (-2314 1968.010864 0 ) (-2314 1968.010864 48 ) (-2322.104980 1992.325562 48 ) 
4 107 108 (-2328 2010.009033 48 ) (-2328 2010.009033 0 ) (-2322.104980 1992.325562 0 ) (-2322.104980 1992.325562 48 ) 
4 108 110 (-2341.992920 2010.002319 0 ) (-2329.398438 1998.807251 0 ) (-2329.398438 1998.807251 48 ) (-2341.992920 2010.002319 48 ) 
4 108 109 (-2329.398438 1998.807251 0 ) (-2322.109375 1992.328125 0 ) (-2322.109375 1992.328125 48 ) (-2329.398438 1998.807251 48 ) 
4 109 110 (-2329.397461 1998.806641 48 ) (-2329.397461 1998.806641 0 ) (-2325.998291 1992.008057 0 ) (-2325.998291 1992.008057 48 ) 
