PRT1
153
479
4 0 40 (-8192 10224 336 ) (-8192 10224 208 ) (-8192 9872 208 ) (-8192 9872 336 ) 
4 0 34 (-8192 9872 448 ) (-8192 10224 448 ) (-8192 10224 336 ) (-8192 9872 336 ) 
4 0 6 (-7896 10224 208 ) (-7896 9872 208 ) (-8192 9872 208 ) (-8192 10224 208 ) 
4 0 5 (-8192 9872 208 ) (-8113.778320 9872 208 ) (-8113.778320 9872 336 ) (-8192 9872 336 ) 
4 0 4 (-8113.778320 9872 208 ) (-7896 9872 208 ) (-7896 9872 336 ) (-8113.778320 9872 336 ) 
4 0 3 (-8184 9872 336 ) (-8112 9872 336 ) (-8112 9872 352 ) (-8184 9872 352 ) 
4 0 2 (-8112 9872 448 ) (-8192 9872 448 ) (-8192 9872 352 ) (-8112 9872 352 ) 
4 0 1 (-7896 9872 336 ) (-7896 9872 448 ) (-8112 9872 448 ) (-8112 9872 336 ) 
4 1 14 (-7896 9600 448 ) (-8112 9600 448 ) (-8112 9600 336 ) (-7896 9600 336 ) 
4 1 4 (-8112 9872 336 ) (-7896 9872 336 ) (-7896 9600 336 ) (-8112 9600 336 ) 
4 1 3 (-8112 9872 352 ) (-8112 9872 336 ) (-8112 9752 336 ) (-8112 9752 352 ) 
4 1 2 (-8112 9872 448 ) (-8112 9872 352 ) (-8112 9600 352 ) (-8112 9600 448 ) 
4 2 35 (-8192 9600 352 ) (-8192 9600 448 ) (-8192 9872 448 ) (-8192 9872 352 ) 
4 2 15 (-8112 9600 448 ) (-8192 9600 448 ) (-8192 9600 352 ) (-8112 9600 352 ) 
3 2 3 (-8184 9872 352 ) (-8112 9872 352 ) (-8112 9752 352 ) 
3 3 5 (-8184 9872 336 ) (-8113.778320 9872 336 ) (-8124.750488 9773.250977 336 ) 
4 3 4 (-8113.778320 9872 336 ) (-8112 9872 336 ) (-8112 9752 336 ) (-8124.750488 9773.250977 336 ) 
4 4 16 (-8144 9600 208 ) (-7896 9600 208 ) (-7896 9600 336 ) (-8144 9600 336 ) 
4 4 8 (-8124.750488 9773.250000 208 ) (-8113.778320 9872 208 ) (-8112 9872 208 ) (-8112 9752 208 ) 
4 4 7 (-7896 9872 208 ) (-7896 9600 208 ) (-8112 9600 208 ) (-8112 9872 208 ) 
4 4 5 (-8128 9744 336 ) (-8113.778320 9872 336 ) (-8113.778320 9872 208 ) (-8128 9744 208 ) 
4 5 40 (-8192 9856 336 ) (-8192 9872 336 ) (-8192 9872 208 ) (-8192 9856 208 ) 
3 5 8 (-8184 9872 208 ) (-8113.778320 9872 208 ) (-8124.750488 9773.250977 208 ) 
4 6 45 (-8192 9872 208 ) (-8192 10224 208 ) (-8192 10224 192 ) (-8192 9872 192 ) 
4 6 10 (-8113.778320 9872 192 ) (-8192 9872 192 ) (-8192 10224 192 ) (-8074.666992 10224 192 ) 
4 6 9 (-7896 10224 192 ) (-7896 9872 192 ) (-8113.778320 9872 192 ) (-8074.666992 10224 192 ) 
4 6 8 (-8184 9872 192 ) (-8112 9872 192 ) (-8112 9872 208 ) (-8184 9872 208 ) 
4 6 7 (-8112 9872 192 ) (-7896 9872 192 ) (-7896 9872 208 ) (-8112 9872 208 ) 
4 7 17 (-8112 9600 192 ) (-7896 9600 192 ) (-7896 9600 208 ) (-8112 9600 208 ) 
4 7 9 (-7896 9872 192 ) (-7896 9600 192 ) (-8112 9600 192 ) (-8112 9872 192 ) 
4 7 8 (-8112 9872 208 ) (-8112 9872 192 ) (-8112 9752 192 ) (-8112 9752 208 ) 
3 8 10 (-8184 9872 192 ) (-8113.778320 9872 192 ) (-8124.750488 9773.250977 192 ) 
4 8 9 (-8113.778320 9872 192 ) (-8112 9872 192 ) (-8112 9752 192 ) (-8124.750488 9773.250977 192 ) 
4 9 19 (-8144 9600 64 ) (-7896 9600 64 ) (-7896 9600 176 ) (-8144 9600 176 ) 
4 9 18 (-7896 9600 176 ) (-7896 9600 192 ) (-8144 9600 192 ) (-8144 9600 176 ) 
3 9 12 (-8101.333496 9984 64 ) (-8080 10176.002930 64 ) (-8080 9984 64 ) 
5 9 11 (-7896 10224 64 ) (-7896 9600 64 ) (-8080 9600 64 ) (-8080 10176.002930 64 ) (-8074.666992 10224 64 ) 
4 9 10 (-8074.666992 10224 192 ) (-8074.666992 10224 64 ) (-8128 9744 64 ) (-8128 9744 192 ) 
4 10 48 (-8192 9856 192 ) (-8192 9872 192 ) (-8192 9872 64 ) (-8192 9856 64 ) 
4 10 45 (-8192 9872 192 ) (-8192 10224 192 ) (-8192 10224 64 ) (-8192 9872 64 ) 
5 10 12 (-8192 9984 64 ) (-8192 10224 64 ) (-8080 10224 64 ) (-8080 10176.002930 64 ) (-8101.333984 9984 64 ) 
3 10 11 (-8080 10224 64 ) (-8074.666992 10224 64 ) (-8080 10176.002930 64 ) 
4 11 21 (-8080 9600 -48 ) (-7896 9600 -48 ) (-7896 9600 64 ) (-8080 9600 64 ) 
4 11 13 (-8080 9984 -48 ) (-8080 9600 -48 ) (-8080 9600 0 ) (-8080 9984 0 ) 
4 11 12 (-8080 10224 64 ) (-8080 10224 -48 ) (-8080 9984 -48 ) (-8080 9984 64 ) 
4 12 59 (-8192 9984 64 ) (-8192 10224 64 ) (-8192 10224 -48 ) (-8192 9984 -48 ) 
4 12 13 (-8192 9984 -48 ) (-8080 9984 -48 ) (-8080 9984 0 ) (-8192 9984 0 ) 
4 13 60 (-8192 9600 -48 ) (-8192 9600 0 ) (-8192 9984 0 ) (-8192 9984 -48 ) 
4 13 22 (-8192 9600 0 ) (-8192 9600 -48 ) (-8080 9600 -48 ) (-8080 9600 0 ) 
4 14 23 (-8128 9472 336 ) (-7896 9472 336 ) (-7896 9472 448 ) (-8128 9472 448 ) 
4 14 16 (-7896 9472 336 ) (-8128 9472 336 ) (-8112 9600 336 ) (-7896 9600 336 ) 
4 14 15 (-8128 9472 352 ) (-8128 9472 448 ) (-8112 9600 448 ) (-8112 9600 352 ) 
4 15 35 (-8192 9472 352 ) (-8192 9472 448 ) (-8192 9600 448 ) (-8192 9600 352 ) 
4 15 24 (-8192 9472 448 ) (-8192 9472 352 ) (-8128 9472 352 ) (-8128 9472 448 ) 
4 16 26 (-8144 9472 208 ) (-8128 9472 208 ) (-8128 9472 336 ) (-8144 9472 336 ) 
4 16 23 (-8128 9472 208 ) (-7896 9472 208 ) (-7896 9472 336 ) (-8128 9472 336 ) 
4 16 17 (-7896 9472 208 ) (-8128 9472 208 ) (-8112 9600 208 ) (-7896 9600 208 ) 
4 17 28 (-8128 9472 192 ) (-7896 9472 192 ) (-7896 9472 208 ) (-8128 9472 208 ) 
4 17 18 (-7896 9472 192 ) (-8128 9472 192 ) (-8112 9600 192 ) (-7896 9600 192 ) 
4 18 30 (-8144 9472 176 ) (-7896 9472 176 ) (-7896 9472 192 ) (-8144 9472 192 ) 
4 18 19 (-7896 9472 176 ) (-8152 9472 176 ) (-8152 9600 176 ) (-7896 9600 176 ) 
4 19 30 (-8144 9472 64 ) (-7896 9472 64 ) (-7896 9472 176 ) (-8144 9472 176 ) 
4 19 21 (-7896 9472 64 ) (-8080 9472 64 ) (-8080 9600 64 ) (-7896 9600 64 ) 
4 19 20 (-8152 9592 64 ) (-8152 9480 64 ) (-8152 9480 176 ) (-8152 9592 176 ) 
4 21 32 (-8080 9472 -48 ) (-7896 9472 -48 ) (-7896 9472 64 ) (-8080 9472 64 ) 
4 21 22 (-8080 9600 -48 ) (-8080 9472 -48 ) (-8080 9472 0 ) (-8080 9600 0 ) 
4 22 60 (-8192 9472 -48 ) (-8192 9472 0 ) (-8192 9600 0 ) (-8192 9600 -48 ) 
4 22 33 (-8192 9472 0 ) (-8192 9472 -48 ) (-8080 9472 -48 ) (-8080 9472 0 ) 
4 23 72 (-8128 9216 336 ) (-8128 9216 208 ) (-8087.110352 9216 208 ) (-8087.110352 9216 336 ) 
4 23 71 (-8087.110352 9216 208 ) (-7896 9216 208 ) (-7896 9216 336 ) (-8087.110352 9216 336 ) 
4 23 67 (-8128 9216 352 ) (-8128 9216 336 ) (-8112 9216 336 ) (-8112 9216 352 ) 
4 23 66 (-8112 9216 448 ) (-8128 9216 448 ) (-8128 9216 352 ) (-8112 9216 352 ) 
4 23 65 (-7896 9216 448 ) (-8112 9216 448 ) (-8112 9216 336 ) (-7896 9216 336 ) 
4 23 28 (-7896 9216 208 ) (-8128 9216 208 ) (-8128 9472 208 ) (-7896 9472 208 ) 
4 23 26 (-8128 9472 208 ) (-8128 9216 208 ) (-8128 9216 336 ) (-8128 9472 336 ) 
4 23 25 (-8128 9216 336 ) (-8128 9216 352 ) (-8128 9336 352 ) (-8128 9336 336 ) 
4 23 24 (-8128 9216 352 ) (-8128 9216 448 ) (-8128 9472 448 ) (-8128 9472 352 ) 
4 24 66 (-8128 9216 448 ) (-8192 9216 448 ) (-8192 9216 352 ) (-8128 9216 352 ) 
4 24 35 (-8192 9216 352 ) (-8192 9216 448 ) (-8192 9472 448 ) (-8192 9472 352 ) 
3 24 25 (-8128 9336 352 ) (-8128 9216 352 ) (-8170.353027 9216 352 ) 
4 25 67 (-8170.353027 9216 336 ) (-8128 9216 336 ) (-8128 9216 352 ) (-8170.353027 9216 352 ) 
3 25 27 (-8144 9216 336 ) (-8170.353027 9216 336 ) (-8144 9290.666992 336 ) 
4 25 26 (-8128 9336 336 ) (-8128 9216 336 ) (-8144 9216 336 ) (-8144 9290.666992 336 ) 
4 26 72 (-8144 9216 208 ) (-8128 9216 208 ) (-8128 9216 336 ) (-8144 9216 336 ) 
4 26 29 (-8128 9216 208 ) (-8144 9216 208 ) (-8144 9290.666992 208 ) (-8128 9336 208 ) 
4 26 27 (-8144 9344 208 ) (-8144 9216 208 ) (-8144 9216 336 ) (-8144 9344 336 ) 
4 27 72 (-8192 9216 336 ) (-8192 9216 208 ) (-8144 9216 208 ) (-8144 9216 336 ) 
3 27 29 (-8144 9216 208 ) (-8170.353027 9216 208 ) (-8144 9290.666992 208 ) 
4 28 74 (-8112 9216 208 ) (-8128 9216 208 ) (-8128 9216 192 ) (-8112 9216 192 ) 
4 28 73 (-7896 9216 208 ) (-8112 9216 208 ) (-8112 9216 192 ) (-7896 9216 192 ) 
4 28 30 (-7896 9216 192 ) (-8128 9216 192 ) (-8128 9472 192 ) (-7896 9472 192 ) 
4 28 29 (-8128 9336 192 ) (-8128 9216 192 ) (-8128 9216 208 ) (-8128 9336 208 ) 
4 29 74 (-8128 9216 208 ) (-8170.353027 9216 208 ) (-8170.353027 9216 192 ) (-8128 9216 192 ) 
3 29 31 (-8144 9216 192 ) (-8170.353027 9216 192 ) (-8144 9290.666992 192 ) 
4 29 30 (-8128 9216 192 ) (-8144 9216 192 ) (-8144 9290.666992 192 ) (-8128 9336 192 ) 
4 30 78 (-8087.110840 9216 192 ) (-8144 9216 192 ) (-8144 9216 64 ) (-8087.110840 9216 64 ) 
4 30 77 (-7896 9216 192 ) (-8087.110840 9216 192 ) (-8087.110840 9216 64 ) (-7896 9216 64 ) 
4 30 32 (-8080 9472 64 ) (-7896 9472 64 ) (-7896 9216 64 ) (-8080 9216 64 ) 
4 30 31 (-8144 9344 64 ) (-8144 9216 64 ) (-8144 9216 192 ) (-8144 9344 192 ) 
4 31 78 (-8144 9216 192 ) (-8192 9216 192 ) (-8192 9216 64 ) (-8144 9216 64 ) 
4 32 79 (-7896 9216 64 ) (-8080 9216 64 ) (-8080 9216 -48 ) (-7896 9216 -48 ) 
4 32 33 (-8080 9472 -48 ) (-8080 9216 -48 ) (-8080 9216 0 ) (-8080 9472 0 ) 
4 33 80 (-8192 9216 0 ) (-8192 9216 -48 ) (-8080 9216 -48 ) (-8080 9216 0 ) 
4 33 60 (-8192 9216 -48 ) (-8192 9216 0 ) (-8192 9472 0 ) (-8192 9472 -48 ) 
4 34 43 (-8856 9872 336 ) (-8856 10224 336 ) (-8384 10224 336 ) (-8384 9872 336 ) 
4 34 40 (-8384 10224 336 ) (-8192 10224 336 ) (-8192 9872 336 ) (-8384 9872 336 ) 
4 34 36 (-8416 9872 336 ) (-8352 9872 336 ) (-8352 9872 352 ) (-8416 9872 352 ) 
4 34 39 (-8856 9872 352 ) (-8856 9872 336 ) (-8416 9872 336 ) (-8416 9872 352 ) 
4 34 35 (-8856 9872 448 ) (-8856 9872 352 ) (-8192 9872 352 ) (-8192 9872 448 ) 
4 35 106 (-8192 9216 352 ) (-8192 9216 448 ) (-8856 9216 448 ) (-8856 9216 352 ) 
3 35 38 (-8353.600586 9216 352 ) (-8416 9216 352 ) (-8416 9320 352 ) 
4 35 37 (-8416 9472.007813 352 ) (-8416 9690.665039 352 ) (-8400 9736 352 ) (-8400 9600.006836 352 ) 
3 35 36 (-8416 9690.665039 352 ) (-8416 9872 352 ) (-8352 9872 352 ) 
4 35 39 (-8416 9216 352 ) (-8856 9216 352 ) (-8856 9872 352 ) (-8416 9872 352 ) 
4 36 43 (-8416 9690.665039 336 ) (-8416 9872 336 ) (-8384 9872 336 ) (-8384 9781.332031 336 ) 
3 36 41 (-8357.647461 9856 336 ) (-8384 9781.332031 336 ) (-8384 9856 336 ) 
4 36 40 (-8384 9872 336 ) (-8352 9872 336 ) (-8357.647461 9856 336 ) (-8384 9856 336 ) 
4 36 37 (-8416 9690.664063 352 ) (-8416 9690.664063 336 ) (-8400 9735.998047 336 ) (-8400 9735.998047 352 ) 
4 36 39 (-8416 9690.665039 352 ) (-8416 9872 352 ) (-8416 9872 336 ) (-8416 9690.665039 336 ) 
4 37 43 (-8416 9472.007813 336 ) (-8416 9690.665039 336 ) (-8400 9736 336 ) (-8400 9600.006836 336 ) 
4 37 39 (-8416 9472.007813 352 ) (-8416 9690.665039 352 ) (-8416 9690.665039 336 ) (-8416 9472.007813 336 ) 
4 38 107 (-8353.600586 9216 352 ) (-8416 9216 352 ) (-8416 9216 336 ) (-8353.600586 9216 336 ) 
4 38 44 (-8384 9216 336 ) (-8412.444336 9216 336 ) (-8403.250000 9298.750000 336 ) (-8384 9266.666016 336 ) 
4 38 43 (-8412.444336 9216 336 ) (-8416 9216 336 ) (-8416 9320 336 ) (-8403.250000 9298.750000 336 ) 
3 38 42 (-8353.600586 9216 336 ) (-8384 9216 336 ) (-8384 9266.666016 336 ) 
4 38 39 (-8416 9216 352 ) (-8416 9320 352 ) (-8416 9320 336 ) (-8416 9216 336 ) 
4 39 113 (-8416 9216 352 ) (-8856 9216 352 ) (-8856 9216 336 ) (-8416 9216 336 ) 
4 39 43 (-8416 9216 336 ) (-8856 9216 336 ) (-8856 9872 336 ) (-8416 9872 336 ) 
4 40 46 (-8357.646484 9856 208 ) (-8384 9856 208 ) (-8384 9872 208 ) (-8352 9872 208 ) 
4 40 45 (-8192 10224 208 ) (-8192 9872 208 ) (-8384 9872 208 ) (-8384 10224 208 ) 
4 40 43 (-8384 10224 208 ) (-8384 9856 208 ) (-8384 9856 336 ) (-8384 10224 336 ) 
4 40 41 (-8384 9856 336 ) (-8384 9856 208 ) (-8336 9856 208 ) (-8336 9856 336 ) 
3 41 46 (-8384 9781.332031 208 ) (-8384 9856 208 ) (-8357.646484 9856 208 ) 
4 41 43 (-8384 9856 208 ) (-8384 9728 208 ) (-8384 9728 336 ) (-8384 9856 336 ) 
4 42 114 (-8336 9216 336 ) (-8384 9216 336 ) (-8384 9216 208 ) (-8336 9216 208 ) 
3 42 55 (-8353.600586 9216 208 ) (-8384 9216 208 ) (-8384 9266.666016 208 ) 
4 42 44 (-8384 9299.998047 208 ) (-8384 9216 208 ) (-8384 9216 336 ) (-8384 9299.998047 336 ) 
4 43 119 (-8412.444336 9216 336 ) (-8848 9216 336 ) (-8848 9216 208 ) (-8412.444336 9216 208 ) 
4 43 118 (-8848 9216 336 ) (-8856 9216 336 ) (-8856 9216 208 ) (-8848 9216 208 ) 
4 43 58 (-8416 9216 208 ) (-8856 9216 208 ) (-8856 9472 208 ) (-8416 9472 208 ) 
4 43 55 (-8403.250000 9298.749023 208 ) (-8412.444336 9216 208 ) (-8416 9216 208 ) (-8416 9320 208 ) 
4 43 51 (-8416 9472 208 ) (-8856 9472 208 ) (-8856 9600 208 ) (-8400 9600 208 ) 
4 43 46 (-8384 9872 208 ) (-8384 9781.332031 208 ) (-8400 9735.998047 208 ) (-8400 9872 208 ) 
4 43 47 (-8400 9600 208 ) (-8856 9600 208 ) (-8856 9872 208 ) (-8400 9872 208 ) 
4 43 45 (-8384 10224 208 ) (-8384 9872 208 ) (-8856 9872 208 ) (-8856 10224 208 ) 
4 43 44 (-8412.443359 9216 208 ) (-8400 9327.997070 208 ) (-8400 9327.997070 336 ) (-8412.443359 9216 336 ) 
4 44 119 (-8384 9216 336 ) (-8412.444336 9216 336 ) (-8412.444336 9216 208 ) (-8384 9216 208 ) 
4 44 55 (-8384 9266.666016 208 ) (-8384 9216 208 ) (-8412.444336 9216 208 ) (-8403.250000 9298.749023 208 ) 
4 45 64 (-8744 9872 64 ) (-8856 9872 64 ) (-8856 9984 64 ) (-8744 9984 64 ) 
4 45 61 (-8456 9872 64 ) (-8632 9872 64 ) (-8632 9984 64 ) (-8456 9984 64 ) 
4 45 59 (-8192 10224 64 ) (-8192 9984 64 ) (-8856 9984 64 ) (-8856 10224 64 ) 
4 45 48 (-8384 9872 64 ) (-8192 9872 64 ) (-8192 9872 192 ) (-8384 9872 192 ) 
4 45 50 (-8856 9872 192 ) (-8856 9872 64 ) (-8384 9872 64 ) (-8384 9872 192 ) 
4 45 46 (-8400 9872 192 ) (-8352 9872 192 ) (-8352 9872 208 ) (-8400 9872 208 ) 
4 45 47 (-8856 9872 208 ) (-8856 9872 192 ) (-8400 9872 192 ) (-8400 9872 208 ) 
3 46 49 (-8357.647461 9856 192 ) (-8384 9781.332031 192 ) (-8384 9856 192 ) 
4 46 48 (-8384 9872 192 ) (-8352 9872 192 ) (-8357.647461 9856 192 ) (-8384 9856 192 ) 
4 46 50 (-8400 9735.998047 192 ) (-8400 9872 192 ) (-8384 9872 192 ) (-8384 9781.332031 192 ) 
4 46 47 (-8400 9872 208 ) (-8400 9872 192 ) (-8400 9735.998047 192 ) (-8400 9735.998047 208 ) 
4 47 51 (-8400 9600 208 ) (-8856 9600 208 ) (-8856 9600 192 ) (-8400 9600 192 ) 
4 47 50 (-8400 9600 192 ) (-8856 9600 192 ) (-8856 9872 192 ) (-8400 9872 192 ) 
4 48 49 (-8384 9856 192 ) (-8384 9856 64 ) (-8336 9856 64 ) (-8336 9856 192 ) 
4 48 50 (-8384 9856 192 ) (-8384 9872 192 ) (-8384 9872 64 ) (-8384 9856 64 ) 
4 49 50 (-8384 9728 192 ) (-8384 9856 192 ) (-8384 9856 64 ) (-8384 9728 64 ) 
4 50 64 (-8744 9600 64 ) (-8856 9600 64 ) (-8856 9872 64 ) (-8744 9872 64 ) 
4 50 61 (-8456 9600 64 ) (-8632 9600 64 ) (-8632 9872 64 ) (-8456 9872 64 ) 
4 50 54 (-8856 9600 64 ) (-8384 9600 64 ) (-8384 9600 176 ) (-8856 9600 176 ) 
4 50 52 (-8384 9600 176 ) (-8384 9600 192 ) (-8856 9600 192 ) (-8856 9600 176 ) 
4 51 58 (-8416 9472 208 ) (-8856 9472 208 ) (-8856 9472 192 ) (-8416 9472 192 ) 
4 51 52 (-8416 9472 192 ) (-8856 9472 192 ) (-8856 9600 192 ) (-8400 9600 192 ) 
4 52 58 (-8416 9472 192 ) (-8856 9472 192 ) (-8856 9472 176 ) (-8416 9472 176 ) 
4 52 56 (-8384 9472 192 ) (-8416 9472 192 ) (-8416 9472 176 ) (-8384 9472 176 ) 
4 52 54 (-8376 9472 176 ) (-8856 9472 176 ) (-8856 9600 176 ) (-8376 9600 176 ) 
4 53 54 (-8376 9480 176 ) (-8376 9592 176 ) (-8376 9592 64 ) (-8376 9480 64 ) 
4 54 64 (-8856 9600 64 ) (-8744 9600 64 ) (-8744 9472 64 ) (-8856 9472 64 ) 
4 54 61 (-8632 9600 64 ) (-8456 9600 64 ) (-8456 9472 64 ) (-8632 9472 64 ) 
4 54 58 (-8856 9472 64 ) (-8416 9472 64 ) (-8416 9472 176 ) (-8856 9472 176 ) 
4 54 56 (-8416 9472 64 ) (-8384 9472 64 ) (-8384 9472 176 ) (-8416 9472 176 ) 
4 55 120 (-8353.600586 9216 208 ) (-8416 9216 208 ) (-8416 9216 192 ) (-8353.600586 9216 192 ) 
4 55 58 (-8416 9320 192 ) (-8416 9216 192 ) (-8416 9216 208 ) (-8416 9320 208 ) 
3 55 57 (-8353.600586 9216 192 ) (-8412.444336 9216 192 ) (-8403.250000 9298.750000 192 ) 
4 55 56 (-8412.444336 9216 192 ) (-8416 9216 192 ) (-8416 9320 192 ) (-8403.250000 9298.750000 192 ) 
4 56 128 (-8412.444336 9216 192 ) (-8416 9216 192 ) (-8416 9216 64 ) (-8412.444336 9216 64 ) 
4 56 58 (-8416 9472 192 ) (-8416 9472 64 ) (-8416 9216 64 ) (-8416 9216 192 ) 
4 56 57 (-8400 9327.996094 192 ) (-8412.443359 9216 192 ) (-8412.443359 9216 64 ) (-8400 9327.996094 64 ) 
4 57 128 (-8336 9216 192 ) (-8412.444336 9216 192 ) (-8412.444336 9216 64 ) (-8336 9216 64 ) 
4 58 128 (-8856 9216 192 ) (-8856 9216 64 ) (-8416 9216 64 ) (-8416 9216 192 ) 
4 58 126 (-8416 9216 208 ) (-8856 9216 208 ) (-8856 9216 192 ) (-8416 9216 192 ) 
4 58 64 (-8744 9216 64 ) (-8856 9216 64 ) (-8856 9472 64 ) (-8744 9472 64 ) 
4 58 61 (-8456 9216 64 ) (-8632 9216 64 ) (-8632 9472 64 ) (-8456 9472 64 ) 
4 59 63 (-8744 9984 -48 ) (-8632 9984 -48 ) (-8632 9984 0 ) (-8744 9984 0 ) 
4 59 64 (-8856 9984 -48 ) (-8744 9984 -48 ) (-8744 9984 64 ) (-8856 9984 64 ) 
4 59 61 (-8456 9984 52 ) (-8456 9984 64 ) (-8632 9984 64 ) (-8632 9984 52 ) 
4 59 62 (-8632 9984 -48 ) (-8456 9984 -48 ) (-8456 9984 0 ) (-8632 9984 0 ) 
4 59 60 (-8456 9984 -48 ) (-8192 9984 -48 ) (-8192 9984 0 ) (-8456 9984 0 ) 
4 60 151 (-8192 9216 -48 ) (-8192 9216 0 ) (-8456 9216 0 ) (-8456 9216 -48 ) 
4 60 62 (-8456 9984 0 ) (-8456 9984 -48 ) (-8456 9216 -48 ) (-8456 9216 0 ) 
4 61 149 (-8456 9216 64 ) (-8632 9216 64 ) (-8632 9216 52 ) (-8456 9216 52 ) 
4 62 151 (-8632 9216 0 ) (-8632 9216 -48 ) (-8456 9216 -48 ) (-8456 9216 0 ) 
4 62 63 (-8632 9984 0 ) (-8632 9984 -48 ) (-8632 9216 -48 ) (-8632 9216 0 ) 
4 63 151 (-8744 9216 0 ) (-8744 9216 -48 ) (-8632 9216 -48 ) (-8632 9216 0 ) 
4 63 64 (-8744 9984 0 ) (-8744 9984 -48 ) (-8744 9216 -48 ) (-8744 9216 0 ) 
4 64 151 (-8856 9216 0 ) (-8856 9216 -48 ) (-8744 9216 -48 ) (-8744 9216 0 ) 
4 64 150 (-8744 9216 64 ) (-8856 9216 64 ) (-8856 9216 0 ) (-8744 9216 0 ) 
4 65 81 (-7896 8704 448 ) (-8112 8704 448 ) (-8112 8704 336 ) (-7896 8704 336 ) 
3 65 72 (-8112 8991.994141 336 ) (-8112 9216 336 ) (-8087.110352 9216 336 ) 
5 65 71 (-7896 8704 336 ) (-8112 8704 336 ) (-8112 8991.994141 336 ) (-8087.110352 9216 336 ) (-7896 9216 336 ) 
4 65 70 (-8112 8704 352 ) (-8112 8704 448 ) (-8112 8856 448 ) (-8112 8856 352 ) 
4 65 69 (-8112 8976 336 ) (-8112 8856 336 ) (-8112 8856 448 ) (-8112 8976 448 ) 
4 65 68 (-8112 9200 336 ) (-8112 8976 336 ) (-8112 8976 448 ) (-8112 9200 448 ) 
4 65 67 (-8112 9216 336 ) (-8112 9200 336 ) (-8112 9200 352 ) (-8112 9216 352 ) 
4 65 66 (-8112 9200 352 ) (-8112 9200 448 ) (-8112 9216 448 ) (-8112 9216 352 ) 
4 66 106 (-8192 9216 448 ) (-8192 9216 352 ) (-8192 9200 352 ) (-8192 9200 448 ) 
4 66 68 (-8112 9200 352 ) (-8112 9200 448 ) (-8192 9200 448 ) (-8192 9200 352 ) 
4 66 67 (-8112 9200 352 ) (-8176 9200 352 ) (-8170.353027 9216 352 ) (-8112 9216 352 ) 
4 67 72 (-8170.353027 9216 336 ) (-8112 9216 336 ) (-8112 9200 336 ) (-8176 9200 336 ) 
4 67 68 (-8176 9200 336 ) (-8112 9200 336 ) (-8112 9200 352 ) (-8176 9200 352 ) 
4 68 108 (-8192 9200 336 ) (-8192 8976 336 ) (-8192 8976 352 ) (-8192 9200 352 ) 
4 68 106 (-8192 8976 352 ) (-8192 8976 448 ) (-8192 9200 448 ) (-8192 9200 352 ) 
5 68 72 (-8192 8976 336 ) (-8192 9200 336 ) (-8112 9200 336 ) (-8112 8991.997070 336 ) (-8113.777344 8976 336 ) 
3 68 71 (-8112 8991.997070 336 ) (-8112 8976 336 ) (-8113.777344 8976 336 ) 
4 68 70 (-8184 8976 352 ) (-8184 8976 448 ) (-8192 8976 448 ) (-8192 8976 352 ) 
4 68 69 (-8184 8976 336 ) (-8112 8976 336 ) (-8112 8976 448 ) (-8184 8976 448 ) 
3 69 72 (-8184 8976 336 ) (-8113.777344 8976 336 ) (-8124.750000 8877.250000 336 ) 
4 69 71 (-8113.777344 8976 336 ) (-8112 8976 336 ) (-8112 8856 336 ) (-8124.750000 8877.250000 336 ) 
4 69 70 (-8183.998047 8976 448 ) (-8183.998047 8976 352 ) (-8112 8856.003906 352 ) (-8112 8856.003906 448 ) 
4 70 106 (-8192 8704 352 ) (-8192 8704 448 ) (-8192 8976 448 ) (-8192 8976 352 ) 
4 70 82 (-8112 8704 448 ) (-8192 8704 448 ) (-8192 8704 352 ) (-8112 8704 352 ) 
4 71 83 (-7896 8704 336 ) (-8144 8704 336 ) (-8144 8704 208 ) (-7896 8704 208 ) 
4 71 76 (-8124.749512 8877.249023 208 ) (-8113.777344 8976 208 ) (-8112 8976 208 ) (-8112 8856 208 ) 
3 71 75 (-8113.777344 8976 208 ) (-8112 8991.994141 208 ) (-8112 8976 208 ) 
5 71 73 (-7896 8704 208 ) (-8112 8704 208 ) (-8112 8991.994141 208 ) (-8087.110352 9216 208 ) (-7896 9216 208 ) 
4 71 72 (-8087.111328 9216 208 ) (-8128 8848 208 ) (-8128 8848 336 ) (-8087.110840 9216 336 ) 
4 72 114 (-8192 9216 336 ) (-8192 9216 208 ) (-8192 8960 208 ) (-8192 8960 336 ) 
3 72 76 (-8184 8976 208 ) (-8113.777344 8976 208 ) (-8124.749512 8877.249023 208 ) 
4 72 74 (-8170.353027 9216 208 ) (-8112 9216 208 ) (-8112 9200 208 ) (-8176 9200 208 ) 
5 72 75 (-8192 8976 208 ) (-8192 9200 208 ) (-8112 9200 208 ) (-8112 8991.994141 208 ) (-8113.777344 8976 208 ) 
3 72 73 (-8112 9216 208 ) (-8087.110352 9216 208 ) (-8112 8991.994141 208 ) 
4 73 84 (-7896 8704 208 ) (-8112 8704 208 ) (-8112 8704 192 ) (-7896 8704 192 ) 
3 73 78 (-8112 8991.994141 192 ) (-8112 9216 192 ) (-8087.110352 9216 192 ) 
5 73 77 (-7896 8704 192 ) (-8112 8704 192 ) (-8112 8991.994141 192 ) (-8087.110352 9216 192 ) (-7896 9216 192 ) 
4 73 76 (-8112 8976 192 ) (-8112 8856 192 ) (-8112 8856 208 ) (-8112 8976 208 ) 
4 73 74 (-8112 9216 192 ) (-8112 9200 192 ) (-8112 9200 208 ) (-8112 9216 208 ) 
4 73 75 (-8112 9200 192 ) (-8112 8976 192 ) (-8112 8976 208 ) (-8112 9200 208 ) 
4 74 78 (-8170.353027 9216 192 ) (-8112 9216 192 ) (-8112 9200 192 ) (-8176 9200 192 ) 
4 74 75 (-8176 9200 192 ) (-8112 9200 192 ) (-8112 9200 208 ) (-8176 9200 208 ) 
4 75 121 (-8192 9200 192 ) (-8192 8976 192 ) (-8192 8976 208 ) (-8192 9200 208 ) 
5 75 78 (-8192 8976 192 ) (-8192 9200 192 ) (-8112 9200 192 ) (-8112 8991.997070 192 ) (-8113.777344 8976 192 ) 
3 75 77 (-8112 8991.997070 192 ) (-8112 8976 192 ) (-8113.777344 8976 192 ) 
4 75 76 (-8184 8976 192 ) (-8112 8976 192 ) (-8112 8976 208 ) (-8184 8976 208 ) 
3 76 78 (-8184 8976 192 ) (-8113.777344 8976 192 ) (-8124.750000 8877.250000 192 ) 
4 76 77 (-8113.777344 8976 192 ) (-8112 8976 192 ) (-8112 8856 192 ) (-8124.750000 8877.250000 192 ) 
4 77 86 (-8144 8704 176 ) (-8144 8704 64 ) (-7896 8704 64 ) (-7896 8704 176 ) 
4 77 85 (-7896 8704 192 ) (-8144 8704 192 ) (-8144 8704 176 ) (-7896 8704 176 ) 
4 77 79 (-7896 8704 64 ) (-8080 8704 64 ) (-8080 9216 64 ) (-7896 9216 64 ) 
4 77 78 (-8087.111328 9216 64 ) (-8128 8848 64 ) (-8128 8848 192 ) (-8087.110840 9216 192 ) 
3 78 133 (-8192 9128 184 ) (-8192 9208 184 ) (-8192 9208 140.363647 ) 
6 78 132 (-8192 9208 64 ) (-8192 8968 64 ) (-8192 8968 128 ) (-8192 9072 184 ) (-8192 9111.990234 184 ) (-8192 9208 132.302704 ) 
3 78 131 (-8192 8968 136 ) (-8192 8968 184 ) (-8192 9056 184 ) 
4 79 88 (-7896 8704 64 ) (-8080 8704 64 ) (-8080 8704 -48 ) (-7896 8704 -48 ) 
4 79 80 (-8080 9216 -48 ) (-8080 8704 -48 ) (-8080 8704 0 ) (-8080 9216 0 ) 
4 80 151 (-8192 9216 0 ) (-8192 9216 -48 ) (-8192 8704 -48 ) (-8192 8704 0 ) 
4 80 89 (-8192 8704 0 ) (-8192 8704 -48 ) (-8080 8704 -48 ) (-8080 8704 0 ) 
4 81 90 (-8128 8576 336 ) (-7896 8576 336 ) (-7896 8576 448 ) (-8128 8576 448 ) 
4 81 83 (-7896 8576 336 ) (-8128 8576 336 ) (-8112 8704 336 ) (-7896 8704 336 ) 
4 81 82 (-8127.998047 8576 352 ) (-8127.998047 8576 448 ) (-8111.998047 8704 448 ) (-8111.998047 8704 352 ) 
4 82 106 (-8192 8576 352 ) (-8192 8576 448 ) (-8192 8704 448 ) (-8192 8704 352 ) 
4 82 92 (-8192 8576 448 ) (-8192 8576 352 ) (-8128 8576 352 ) (-8128 8576 448 ) 
4 83 94 (-8144 8576 208 ) (-8128 8576 208 ) (-8128 8576 336 ) (-8144 8576 336 ) 
4 83 90 (-8128 8576 208 ) (-7896 8576 208 ) (-7896 8576 336 ) (-8128 8576 336 ) 
4 83 84 (-7896 8576 208 ) (-8128 8576 208 ) (-8112 8704 208 ) (-7896 8704 208 ) 
4 84 97 (-8128 8576 192 ) (-7896 8576 192 ) (-7896 8576 208 ) (-8128 8576 208 ) 
4 84 85 (-7896 8576 192 ) (-8128 8576 192 ) (-8112 8704 192 ) (-7896 8704 192 ) 
4 85 100 (-8144 8576 176 ) (-7896 8576 176 ) (-7896 8576 192 ) (-8144 8576 192 ) 
4 85 86 (-7896 8576 176 ) (-8152 8576 176 ) (-8152 8704 176 ) (-7896 8704 176 ) 
4 86 100 (-8144 8576 64 ) (-7896 8576 64 ) (-7896 8576 176 ) (-8144 8576 176 ) 
4 86 88 (-7896 8576 64 ) (-8080 8576 64 ) (-8080 8704 64 ) (-7896 8704 64 ) 
4 86 87 (-8152 8696 64 ) (-8152 8584 64 ) (-8152 8584 176 ) (-8152 8696 176 ) 
4 88 103 (-8080 8576 -48 ) (-7896 8576 -48 ) (-7896 8576 64 ) (-8080 8576 64 ) 
4 88 89 (-8080 8704 -48 ) (-8080 8576 -48 ) (-8080 8576 0 ) (-8080 8704 0 ) 
4 89 151 (-8192 8576 -48 ) (-8192 8576 0 ) (-8192 8704 0 ) (-8192 8704 -48 ) 
4 89 104 (-8192 8576 0 ) (-8192 8576 -48 ) (-8080 8576 -48 ) (-8080 8576 0 ) 
4 90 105 (-7896 8192 448 ) (-8128 8192 448 ) (-8128 8192 208 ) (-7896 8192 208 ) 
4 90 97 (-7896 8192 208 ) (-8128 8192 208 ) (-8128 8576 208 ) (-7896 8576 208 ) 
4 90 94 (-8128 8576 208 ) (-8128 8192 208 ) (-8128 8192 336 ) (-8128 8576 336 ) 
4 90 92 (-8128 8440 448 ) (-8128 8576 448 ) (-8128 8576 352 ) (-8128 8440 352 ) 
4 90 91 (-8128 8304 448 ) (-8128 8440 448 ) (-8128 8440 336 ) (-8128 8304 336 ) 
4 90 93 (-8128 8192 336 ) (-8128 8192 448 ) (-8128 8304 448 ) (-8128 8304 336 ) 
3 91 95 (-8170.353027 8320 336 ) (-8144 8394.666992 336 ) (-8144 8320 336 ) 
4 91 96 (-8144 8304 336 ) (-8176 8304 336 ) (-8170.353027 8320 336 ) (-8144 8320 336 ) 
4 91 94 (-8128 8440 336 ) (-8128 8304 336 ) (-8144 8304 336 ) (-8144 8394.666992 336 ) 
4 91 92 (-8128 8439.992188 448 ) (-8128 8439.992188 352 ) (-8175.998047 8304 352 ) (-8175.998047 8304 448 ) 
4 91 93 (-8176 8304 336 ) (-8128 8304 336 ) (-8128 8304 448 ) (-8176 8304 448 ) 
4 92 106 (-8192 8304 448 ) (-8192 8576 448 ) (-8192 8576 352 ) (-8192 8304 352 ) 
4 92 93 (-8176 8304 352 ) (-8176 8304 448 ) (-8192 8304 448 ) (-8192 8304 352 ) 
4 93 112 (-8192 8192 336 ) (-8192 8192 352 ) (-8192 8304 352 ) (-8192 8304 336 ) 
4 93 106 (-8192 8192 352 ) (-8192 8192 448 ) (-8192 8304 448 ) (-8192 8304 352 ) 
4 93 105 (-8128 8192 448 ) (-8192 8192 448 ) (-8192 8192 336 ) (-8128 8192 336 ) 
4 93 96 (-8192 8192 336 ) (-8192 8304 336 ) (-8144 8304 336 ) (-8144 8192 336 ) 
4 93 94 (-8144 8304 336 ) (-8128 8304 336 ) (-8128 8192 336 ) (-8144 8192 336 ) 
4 94 105 (-8144 8192 208 ) (-8128 8192 208 ) (-8128 8192 336 ) (-8144 8192 336 ) 
4 94 98 (-8144 8304 208 ) (-8144 8394.666992 208 ) (-8128 8440 208 ) (-8128 8304 208 ) 
4 94 99 (-8128 8192 208 ) (-8144 8192 208 ) (-8144 8304 208 ) (-8128 8304 208 ) 
4 94 95 (-8144 8448 208 ) (-8144 8320 208 ) (-8144 8320 336 ) (-8144 8448 336 ) 
4 94 96 (-8144 8320 208 ) (-8144 8192 208 ) (-8144 8192 336 ) (-8144 8320 336 ) 
3 95 98 (-8144 8394.666016 208 ) (-8144 8320 208 ) (-8170.353027 8320 208 ) 
4 95 96 (-8192 8320 208 ) (-8144 8320 208 ) (-8144 8320 336 ) (-8192 8320 336 ) 
4 96 117 (-8192 8192 208 ) (-8192 8192 336 ) (-8192 8320 336 ) (-8192 8320 208 ) 
4 96 105 (-8192 8192 336 ) (-8192 8192 208 ) (-8144 8192 208 ) (-8144 8192 336 ) 
4 96 98 (-8170.353027 8320 208 ) (-8144 8320 208 ) (-8144 8304 208 ) (-8176 8304 208 ) 
4 96 99 (-8144 8192 208 ) (-8192 8192 208 ) (-8192 8304 208 ) (-8144 8304 208 ) 
4 97 105 (-7896 8192 208 ) (-8128 8192 208 ) (-8128 8192 192 ) (-7896 8192 192 ) 
4 97 100 (-7896 8192 192 ) (-8128 8192 192 ) (-8128 8576 192 ) (-7896 8576 192 ) 
4 97 98 (-8128 8440 192 ) (-8128 8304 192 ) (-8128 8304 208 ) (-8128 8440 208 ) 
4 97 99 (-8128 8304 192 ) (-8128 8192 192 ) (-8128 8192 208 ) (-8128 8304 208 ) 
3 98 101 (-8170.353027 8320 192 ) (-8144 8394.666992 192 ) (-8144 8320 192 ) 
4 98 102 (-8144 8304 192 ) (-8176 8304 192 ) (-8170.353027 8320 192 ) (-8144 8320 192 ) 
4 98 100 (-8128 8440 192 ) (-8128 8304 192 ) (-8144 8304 192 ) (-8144 8394.666992 192 ) 
4 98 99 (-8176 8304 192 ) (-8128 8304 192 ) (-8128 8304 208 ) (-8176 8304 208 ) 
4 99 125 (-8192 8192 192 ) (-8192 8192 208 ) (-8192 8304 208 ) (-8192 8304 192 ) 
4 99 105 (-8128 8192 208 ) (-8192 8192 208 ) (-8192 8192 192 ) (-8128 8192 192 ) 
4 99 102 (-8144 8192 192 ) (-8192 8192 192 ) (-8192 8304 192 ) (-8144 8304 192 ) 
4 99 100 (-8128 8192 192 ) (-8144 8192 192 ) (-8144 8304 192 ) (-8128 8304 192 ) 
4 100 105 (-7896 8192 192 ) (-8144 8192 192 ) (-8144 8192 64 ) (-7896 8192 64 ) 
4 100 103 (-8080 8576 64 ) (-7896 8576 64 ) (-7896 8192 64 ) (-8080 8192 64 ) 
4 100 101 (-8144 8448 64 ) (-8144 8320 64 ) (-8144 8320 192 ) (-8144 8448 192 ) 
4 100 102 (-8144 8320 64 ) (-8144 8192 64 ) (-8144 8192 192 ) (-8144 8320 192 ) 
4 101 102 (-8192 8320 64 ) (-8144 8320 64 ) (-8144 8320 192 ) (-8192 8320 192 ) 
4 102 148 (-8192 8192 64 ) (-8192 8192 192 ) (-8192 8320 192 ) (-8192 8320 64 ) 
4 102 105 (-8144 8192 192 ) (-8192 8192 192 ) (-8192 8192 64 ) (-8144 8192 64 ) 
4 103 105 (-7896 8192 64 ) (-8080 8192 64 ) (-8080 8192 -48 ) (-7896 8192 -48 ) 
4 103 104 (-8080 8576 -48 ) (-8080 8192 -48 ) (-8080 8192 0 ) (-8080 8576 0 ) 
4 104 151 (-8192 8192 -48 ) (-8192 8192 0 ) (-8192 8576 0 ) (-8192 8576 -48 ) 
4 104 105 (-8192 8192 0 ) (-8192 8192 -48 ) (-8080 8192 -48 ) (-8080 8192 0 ) 
4 105 152 (-8192 7976 448 ) (-8192 8192 448 ) (-8192 8192 -48 ) (-8192 7976 -48 ) 
4 106 152 (-8192 8192 352 ) (-8192 8192 448 ) (-8856 8192 448 ) (-8856 8192 352 ) 
4 106 113 (-8416 8192 352 ) (-8856 8192 352 ) (-8856 9216 352 ) (-8416 9216 352 ) 
4 106 111 (-8416 8576.001953 352 ) (-8416 8794.666016 352 ) (-8400 8840 352 ) (-8400 8704 352 ) 
3 106 110 (-8416 8794.666016 352 ) (-8416 8976 352 ) (-8352 8976 352 ) 
3 106 109 (-8416 8304 352 ) (-8416 8424 352 ) (-8344 8304 352 ) 
4 106 108 (-8416 8976 352 ) (-8416 9200 352 ) (-8192 9200 352 ) (-8192 8976 352 ) 
4 106 112 (-8192 8192 352 ) (-8416 8192 352 ) (-8416 8304 352 ) (-8192 8304 352 ) 
4 106 107 (-8416 9200 352 ) (-8416 9216 352 ) (-8353.600586 9216 352 ) (-8344 9200 352 ) 
4 107 119 (-8416 9216 336 ) (-8384 9216 336 ) (-8384 9200 336 ) (-8416 9200 336 ) 
4 107 114 (-8384 9216 336 ) (-8353.600586 9216 336 ) (-8344 9200 336 ) (-8384 9200 336 ) 
4 107 113 (-8416 9216 336 ) (-8416 9200 336 ) (-8416 9200 352 ) (-8416 9216 352 ) 
4 107 108 (-8416 9200 352 ) (-8416 9200 336 ) (-8344 9200 336 ) (-8344 9200 352 ) 
4 108 119 (-8384 8976 336 ) (-8416 8976 336 ) (-8416 9200 336 ) (-8384 9200 336 ) 
4 108 114 (-8192 9200 336 ) (-8192 8976 336 ) (-8384 8976 336 ) (-8384 9200 336 ) 
4 108 113 (-8416 9200 336 ) (-8416 8976 336 ) (-8416 8976 352 ) (-8416 9200 352 ) 
4 108 110 (-8416 8976 352 ) (-8416 8976 336 ) (-8352 8976 336 ) (-8352 8976 352 ) 
4 109 118 (-8384 8304 336 ) (-8416 8304 336 ) (-8416 8424 336 ) (-8384 8370.666992 336 ) 
3 109 115 (-8384 8320 336 ) (-8384 8370.666992 336 ) (-8353.599609 8320 336 ) 
4 109 117 (-8344 8304 336 ) (-8384 8304 336 ) (-8384 8320 336 ) (-8353.599609 8320 336 ) 
4 109 113 (-8416 8424 336 ) (-8416 8304 336 ) (-8416 8304 352 ) (-8416 8424 352 ) 
4 109 112 (-8416 8304 352 ) (-8416 8304 336 ) (-8344 8304 336 ) (-8344 8304 352 ) 
4 110 119 (-8416 8794.666016 336 ) (-8416 8976 336 ) (-8384 8976 336 ) (-8384 8885.333008 336 ) 
3 110 116 (-8357.647461 8960 336 ) (-8384 8885.333008 336 ) (-8384 8960 336 ) 
4 110 114 (-8384 8976 336 ) (-8352 8976 336 ) (-8357.647461 8960 336 ) (-8384 8960 336 ) 
4 110 113 (-8416 8976 336 ) (-8416 8794.666016 336 ) (-8416 8794.666016 352 ) (-8416 8976 352 ) 
4 110 111 (-8416 8794.664063 352 ) (-8416 8794.664063 336 ) (-8400 8839.997070 336 ) (-8400 8839.997070 352 ) 
4 111 119 (-8416 8576.001953 336 ) (-8416 8794.666016 336 ) (-8400 8840 336 ) (-8400 8704 336 ) 
4 111 113 (-8416 8794.666016 336 ) (-8416 8576.001953 336 ) (-8416 8576.001953 352 ) (-8416 8794.666016 352 ) 
4 112 152 (-8192 8192 336 ) (-8192 8192 352 ) (-8416 8192 352 ) (-8416 8192 336 ) 
4 112 118 (-8384 8192 336 ) (-8416 8192 336 ) (-8416 8304 336 ) (-8384 8304 336 ) 
4 112 117 (-8192 8304 336 ) (-8192 8192 336 ) (-8384 8192 336 ) (-8384 8304 336 ) 
4 112 113 (-8416 8304 336 ) (-8416 8192 336 ) (-8416 8192 352 ) (-8416 8304 352 ) 
4 113 152 (-8416 8192 352 ) (-8856 8192 352 ) (-8856 8192 336 ) (-8416 8192 336 ) 
3 113 119 (-8848 9216 336 ) (-8416 9216 336 ) (-8416 8460 336 ) 
5 113 118 (-8856 9216 336 ) (-8848 9216 336 ) (-8416 8460 336 ) (-8416 8192 336 ) (-8856 8192 336 ) 
4 114 123 (-8384 8960 208 ) (-8384 8976 208 ) (-8352 8976 208 ) (-8357.648438 8960 208 ) 
4 114 121 (-8384 8976 208 ) (-8384 9200 208 ) (-8192 9200 208 ) (-8192 8976 208 ) 
4 114 120 (-8384 9200 208 ) (-8384 9216 208 ) (-8353.600586 9216 208 ) (-8344 9200 208 ) 
4 114 119 (-8384 9216 208 ) (-8384 8960 208 ) (-8384 8960 336 ) (-8384 9216 336 ) 
4 114 116 (-8384 8960 336 ) (-8384 8960 208 ) (-8336 8960 208 ) (-8336 8960 336 ) 
3 115 122 (-8384 8320 208 ) (-8384 8370.666016 208 ) (-8353.600586 8320 208 ) 
4 115 118 (-8384 8404 208 ) (-8384 8320 208 ) (-8384 8320 336 ) (-8384 8404 336 ) 
4 115 117 (-8384 8320 336 ) (-8384 8320 208 ) (-8336 8320 208 ) (-8336 8320 336 ) 
3 116 123 (-8384 8885.333984 208 ) (-8384 8960 208 ) (-8357.647461 8960 208 ) 
4 116 119 (-8384 8960 208 ) (-8384 8832 208 ) (-8384 8832 336 ) (-8384 8960 336 ) 
4 117 152 (-8192 8192 208 ) (-8192 8192 336 ) (-8384 8192 336 ) (-8384 8192 208 ) 
4 117 122 (-8384 8304 208 ) (-8384 8320 208 ) (-8353.600586 8320 208 ) (-8344 8304 208 ) 
4 117 125 (-8192 8192 208 ) (-8384 8192 208 ) (-8384 8304 208 ) (-8192 8304 208 ) 
4 117 118 (-8384 8320 208 ) (-8384 8192 208 ) (-8384 8192 336 ) (-8384 8320 336 ) 
4 118 152 (-8384 8192 336 ) (-8856 8192 336 ) (-8856 8192 208 ) (-8384 8192 208 ) 
5 118 126 (-8416 8192 208 ) (-8856 8192 208 ) (-8856 9216 208 ) (-8848 9216 208 ) (-8416 8460 208 ) 
4 118 122 (-8416 8304 208 ) (-8416 8424 208 ) (-8384 8370.666016 208 ) (-8384 8304 208 ) 
4 118 125 (-8384 8192 208 ) (-8416 8192 208 ) (-8416 8304 208 ) (-8384 8304 208 ) 
4 118 119 (-8400 8432.001953 208 ) (-8848 9216 208 ) (-8848 9216 336 ) (-8400 8432.001953 336 ) 
3 119 126 (-8848 9216 208 ) (-8416 9216 208 ) (-8416 8460 208 ) 
4 119 124 (-8400 8704 208 ) (-8416 8576 208 ) (-8416 8794.666016 208 ) (-8400 8840 208 ) 
4 119 123 (-8384 8976 208 ) (-8384 8885.333008 208 ) (-8416 8794.666016 208 ) (-8416 8976 208 ) 
4 119 121 (-8384 9200 208 ) (-8384 8976 208 ) (-8416 8976 208 ) (-8416 9200 208 ) 
4 119 120 (-8416 9216 208 ) (-8384 9216 208 ) (-8384 9200 208 ) (-8416 9200 208 ) 
4 120 130 (-8416 9200 192 ) (-8416 9208 192 ) (-8348.800781 9208 192 ) (-8344 9200 192 ) 
4 120 128 (-8416 9208 192 ) (-8416 9216 192 ) (-8353.600586 9216 192 ) (-8348.800781 9208 192 ) 
4 120 126 (-8416 9216 192 ) (-8416 9200 192 ) (-8416 9200 208 ) (-8416 9216 208 ) 
4 120 121 (-8416 9200 208 ) (-8416 9200 192 ) (-8344 9200 192 ) (-8344 9200 208 ) 
4 121 130 (-8416 8976 192 ) (-8416 9200 192 ) (-8336 9200 192 ) (-8336 8976 192 ) 
4 121 129 (-8320 9200 192 ) (-8208 9200 192 ) (-8208 8976 192 ) (-8320 8976 192 ) 
4 121 126 (-8416 9200 192 ) (-8416 8976 192 ) (-8416 8976 208 ) (-8416 9200 208 ) 
4 121 123 (-8416 8976 208 ) (-8416 8976 192 ) (-8352 8976 192 ) (-8352 8976 208 ) 
3 122 146 (-8416 8320 192 ) (-8416 8424 192 ) (-8353.599609 8320 192 ) 
4 122 148 (-8416 8304 192 ) (-8416 8320 192 ) (-8353.599609 8320 192 ) (-8344 8304 192 ) 
4 122 126 (-8416 8424 192 ) (-8416 8304 192 ) (-8416 8304 208 ) (-8416 8424 208 ) 
4 122 125 (-8416 8304 208 ) (-8416 8304 192 ) (-8344 8304 192 ) (-8344 8304 208 ) 
4 123 142 (-8416 8794.666016 192 ) (-8416 8960 192 ) (-8384 8960 192 ) (-8384 8885.332031 192 ) 
3 123 141 (-8384 8960 192 ) (-8357.646484 8960 192 ) (-8384 8885.332031 192 ) 
4 123 140 (-8416 8960 192 ) (-8416 8968 192 ) (-8354.823242 8968 192 ) (-8357.646484 8960 192 ) 
4 123 130 (-8416 8968 192 ) (-8416 8976 192 ) (-8352 8976 192 ) (-8354.823242 8968 192 ) 
4 123 126 (-8416 8976 192 ) (-8416 8794.666016 192 ) (-8416 8794.666016 208 ) (-8416 8976 208 ) 
4 123 124 (-8416 8794.664063 208 ) (-8416 8794.664063 192 ) (-8400 8839.997070 192 ) (-8400 8839.997070 208 ) 
3 124 143 (-8416 8576.001953 192 ) (-8416 8704 192 ) (-8400 8704 192 ) 
4 124 142 (-8416 8704 192 ) (-8416 8794.666016 192 ) (-8400 8840 192 ) (-8400 8704 192 ) 
4 124 126 (-8416 8794.666016 192 ) (-8416 8576.001953 192 ) (-8416 8576.001953 208 ) (-8416 8794.666016 208 ) 
4 125 152 (-8192 8192 192 ) (-8192 8192 208 ) (-8416 8192 208 ) (-8416 8192 192 ) 
4 125 148 (-8192 8192 192 ) (-8416 8192 192 ) (-8416 8304 192 ) (-8192 8304 192 ) 
4 125 126 (-8416 8304 192 ) (-8416 8192 192 ) (-8416 8192 208 ) (-8416 8304 208 ) 
4 126 152 (-8416 8192 208 ) (-8856 8192 208 ) (-8856 8192 192 ) (-8416 8192 192 ) 
3 126 147 (-8482.286133 8576 192 ) (-8416 8576 192 ) (-8416 8460 192 ) 
5 126 146 (-8856 8320 192 ) (-8856 8576 192 ) (-8482.286133 8576 192 ) (-8416 8460 192 ) (-8416 8320 192 ) 
4 126 148 (-8416 8192 192 ) (-8856 8192 192 ) (-8856 8320 192 ) (-8416 8320 192 ) 
4 126 143 (-8856 8576 192 ) (-8856 8704 192 ) (-8416 8704 192 ) (-8416 8576 192 ) 
4 126 142 (-8856 8704 192 ) (-8856 8960 192 ) (-8416 8960 192 ) (-8416 8704 192 ) 
4 126 140 (-8856 8960 192 ) (-8856 8968 192 ) (-8416 8968 192 ) (-8416 8960 192 ) 
4 126 130 (-8856 8968 192 ) (-8856 9208 192 ) (-8416 9208 192 ) (-8416 8968 192 ) 
4 126 128 (-8856 9208 192 ) (-8856 9216 192 ) (-8416 9216 192 ) (-8416 9208 192 ) 
4 127 134 (-8320 9208 64 ) (-8208 9208 64 ) (-8208 9208 184 ) (-8320 9208 184 ) 
4 127 129 (-8208 9208 184 ) (-8208 9208 192 ) (-8320 9208 192 ) (-8320 9208 184 ) 
4 128 150 (-8856 9216 64 ) (-8744 9216 64 ) (-8744 9208 64 ) (-8856 9208 64 ) 
4 128 149 (-8632 9216 64 ) (-8456 9216 64 ) (-8456 9208 64 ) (-8632 9208 64 ) 
4 128 138 (-8856 9208 64 ) (-8336 9208 64 ) (-8336 9208 184 ) (-8856 9208 184 ) 
4 128 130 (-8336 9208 184 ) (-8336 9208 192 ) (-8856 9208 192 ) (-8856 9208 184 ) 
4 129 139 (-8208 8968 192 ) (-8320 8968 192 ) (-8320 8968 184 ) (-8208 8968 184 ) 
4 129 134 (-8208 8968 184 ) (-8320 8968 184 ) (-8320 9208 184 ) (-8208 9208 184 ) 
4 130 140 (-8336 8968 192 ) (-8856 8968 192 ) (-8856 8968 184 ) (-8336 8968 184 ) 
4 130 138 (-8336 8968 184 ) (-8856 8968 184 ) (-8856 9208 184 ) (-8336 9208 184 ) 
3 131 134 (-8208 8968 136 ) (-8208 8968 184 ) (-8208 9056 184 ) 
6 132 134 (-8208 8968 64 ) (-8208 8968 128 ) (-8208 9072 184 ) (-8208 9111.990234 184 ) (-8208 9208 132.302704 ) (-8208 9208 64 ) 
3 133 134 (-8208 9128 184 ) (-8208 9208 184 ) (-8208 9208 140.363647 ) 
4 134 139 (-8320 8968 64 ) (-8208 8968 64 ) (-8208 8968 184 ) (-8320 8968 184 ) 
3 134 137 (-8320 9128 184 ) (-8320 9208 184 ) (-8320 9208 140.363647 ) 
6 134 136 (-8320 8968 64 ) (-8320 8968 128 ) (-8320 9072 184 ) (-8320 9111.990234 184 ) (-8320 9208 132.302704 ) (-8320 9208 64 ) 
3 134 135 (-8320 8968 136 ) (-8320 8968 184 ) (-8320 9056 184 ) 
3 135 138 (-8336 8968 136 ) (-8336 8968 184 ) (-8336 9056 184 ) 
6 136 138 (-8336 8968 64 ) (-8336 8968 128 ) (-8336 9072 184 ) (-8336 9111.990234 184 ) (-8336 9208 132.302704 ) (-8336 9208 64 ) 
3 137 138 (-8336 9128 184 ) (-8336 9208 184 ) (-8336 9208 140.363647 ) 
4 138 150 (-8856 9208 64 ) (-8744 9208 64 ) (-8744 8968 64 ) (-8856 8968 64 ) 
4 138 149 (-8632 9208 64 ) (-8456 9208 64 ) (-8456 8968 64 ) (-8632 8968 64 ) 
4 138 140 (-8856 8968 64 ) (-8336 8968 64 ) (-8336 8968 184 ) (-8856 8968 184 ) 
4 140 150 (-8856 8968 64 ) (-8744 8968 64 ) (-8744 8960 64 ) (-8856 8960 64 ) 
4 140 149 (-8632 8968 64 ) (-8456 8968 64 ) (-8456 8960 64 ) (-8632 8960 64 ) 
4 140 142 (-8856 8960 64 ) (-8384 8960 64 ) (-8384 8960 192 ) (-8856 8960 192 ) 
4 140 141 (-8384 8960 64 ) (-8336 8960 64 ) (-8336 8960 192 ) (-8384 8960 192 ) 
4 141 142 (-8384 8960 192 ) (-8384 8960 64 ) (-8384 8832 64 ) (-8384 8832 192 ) 
4 142 150 (-8856 8960 64 ) (-8744 8960 64 ) (-8744 8704 64 ) (-8856 8704 64 ) 
4 142 149 (-8632 8960 64 ) (-8456 8960 64 ) (-8456 8704 64 ) (-8632 8704 64 ) 
4 142 145 (-8856 8704 64 ) (-8384 8704 64 ) (-8384 8704 176 ) (-8856 8704 176 ) 
4 142 143 (-8384 8704 176 ) (-8384 8704 192 ) (-8856 8704 192 ) (-8856 8704 176 ) 
4 143 147 (-8384 8576 192 ) (-8482.285156 8576 192 ) (-8482.285156 8576 176 ) (-8384 8576 176 ) 
4 143 146 (-8482.285156 8576 192 ) (-8856 8576 192 ) (-8856 8576 176 ) (-8482.285156 8576 176 ) 
4 143 145 (-8376 8576 176 ) (-8856 8576 176 ) (-8856 8704 176 ) (-8376 8704 176 ) 
4 144 145 (-8376 8584 176 ) (-8376 8696 176 ) (-8376 8696 64 ) (-8376 8584 64 ) 
4 145 150 (-8856 8704 64 ) (-8744 8704 64 ) (-8744 8576 64 ) (-8856 8576 64 ) 
4 145 149 (-8632 8704 64 ) (-8456 8704 64 ) (-8456 8576 64 ) (-8632 8576 64 ) 
4 145 147 (-8482.285156 8576 64 ) (-8384 8576 64 ) (-8384 8576 176 ) (-8482.285156 8576 176 ) 
4 145 146 (-8856 8576 64 ) (-8482.285156 8576 64 ) (-8482.285156 8576 176 ) (-8856 8576 176 ) 
4 146 150 (-8856 8576 64 ) (-8744 8576 64 ) (-8744 8320 64 ) (-8856 8320 64 ) 
5 146 149 (-8632 8576 64 ) (-8482.285156 8576 64 ) (-8456 8530 64 ) (-8456 8320 64 ) (-8632 8320 64 ) 
4 146 147 (-8400 8432.003906 64 ) (-8482.283203 8576 64 ) (-8482.283203 8576 192 ) (-8400 8432.003906 192 ) 
4 146 148 (-8856 8320 192 ) (-8856 8320 64 ) (-8336 8320 64 ) (-8336 8320 192 ) 
3 147 149 (-8482.285156 8576 64 ) (-8456 8576 64 ) (-8456 8530 64 ) 
4 148 152 (-8192 8192 64 ) (-8192 8192 192 ) (-8856 8192 192 ) (-8856 8192 64 ) 
4 148 150 (-8744 8192 64 ) (-8856 8192 64 ) (-8856 8320 64 ) (-8744 8320 64 ) 
4 148 149 (-8456 8192 64 ) (-8632 8192 64 ) (-8632 8320 64 ) (-8456 8320 64 ) 
4 149 152 (-8456 8192 64 ) (-8632 8192 64 ) (-8632 8192 52 ) (-8456 8192 52 ) 
4 150 152 (-8744 8192 64 ) (-8856 8192 64 ) (-8856 8192 0 ) (-8744 8192 0 ) 
4 150 151 (-8744 8192 0 ) (-8856 8192 0 ) (-8856 9216 0 ) (-8744 9216 0 ) 
4 151 152 (-8192 8192 -48 ) (-8192 8192 0 ) (-8856 8192 0 ) (-8856 8192 -48 ) 
