


materialPath: D:\OS\Programs\Steam\steamapps\common\GarrysMod\garrysmod\materials
Loading D:\Projects\Maps\rp_hongkong\rp_hongkong.vmf
fixing up env_cubemap materials on brush sides...
0...1...2...3...4...5...6...7...8...9...100...1...2...3...4...5...6...7...8...9...10Processing areas...done (0)
Building Faces...done (0)
FixTjuncs...
PruneNodes...
WriteBSP...
done (0)
writing D:\Projects\Maps\rp_hongkong\rp_hongkong.prt...Building visibility clusters...
done (0)
Creating default LDR cubemaps for env_cubemap using skybox materials:
   skybox/sky_day01_01*.vmt
 ! Run buildcubemaps in the engine to get the correct cube maps.
Creating default HDR cubemaps for env_cubemap using skybox materials:
   skybox/sky_day01_01*.vmt
 ! Run buildcubemaps in the engine to get the correct cube maps.
Finding displacement neighbors...
Finding lightmap sample positions...
Displacement Alpha : 0...1...2...3...4...5...6...7...8...9...10
Building Physics collision data...
done (0) (40389 bytes)
Placing detail props : 0...1...2...3...4...5...6...7...8...9...10
Compacting texture/material tables...
Reduced 136 texinfos to 90
Reduced 16 texdatas to 16 (536 bytes to 536)
Writing D:\Projects\Maps\rp_hongkong\rp_hongkong.bsp
2 seconds elapsed



4 threads
reading d:\projects\maps\rp_hongkong\rp_hongkong.bsp
reading d:\projects\maps\rp_hongkong\rp_hongkong.prt
 153 portalclusters
 479 numportals
0...1...2...3...4...5...6...7...8...9...10Optimized: 421 visible clusters (2.01%)
Total clusters visible: 20978
Average clusters visible: 137
Building PAS...
Average clusters audible: 152
visdatasize:7327  compressed from 7344
writing d:\projects\maps\rp_hongkong\rp_hongkong.bsp
0 seconds elapsed



[Reading texlights from 'lights.rad']
[45 texlights parsed from 'lights.rad']

Loading d:\projects\maps\rp_hongkong\rp_hongkong.bsp
PREP OK
536 faces
67137 square feet [9667773.00 square inches]
0 Displacements
0 Square Feet [0.00 Square Inches]
536 patches before subdivision
3550 patches after subdivision
2 direct lights
0...1...2...3...4...5...6...7...8...9...100...1...2...3...4...5...6...7...8...9...10transfers 148805, max 264
transfer lists:   1.1 megs
0...1...2...3...4...5...6...7...8...9...10	Bounce #1 added RGB(1819, 1442, 987)
0...1...2...3...4...5...6...7...8...9...10	Bounce #2 added RGB(53, 37, 21)
0...1...2...3...4...5...6...7...8...9...10	Bounce #3 added RGB(1, 1, 0)
0...1...2...3...4...5...6...7...8...9...10	Bounce #4 added RGB(0, 0, 0)
Build Patch/Sample Hash Table(s).....Done<0.0010 sec>
0...1...2...3...4...5...6...7...8...9...10FinalLightFace Done
0 of 0 (0% of) surface lights went in leaf ambient cubes.
0...1...2...3...4...5...6...7...8...9...10Writing leaf ambient...done
Ready to Finish

Object names       Objects/Maxobjs  Memory / Maxmem  Fullness 
------------       ---------------  ---------------  -------- 
models                   3/1024          144/49152    ( 0.3%) 
brushes                 97/16384        1164/196608   ( 0.6%) 
brushsides             767/65536        6136/524288   ( 1.2%) 
planes                 390/65536        7800/1310720  ( 0.6%) 
vertexes               836/65536       10032/786432   ( 1.3%) 
nodes                  354/65536       11328/2097152  ( 0.5%) 
texinfos                90/12288        6480/884736   ( 0.7%) 
texdata                 16/2048          512/65536    ( 0.8%) 
dispinfos                0/0               0/0        ( 0.0%) 
disp_verts               0/0               0/0        ( 0.0%) 
disp_tris                0/0               0/0        ( 0.0%) 
disp_lmsamples           0/0               0/0        ( 0.0%) 
faces                  536/65536       30016/3670016  ( 0.8%) 
hdr faces                0/65536           0/3670016  ( 0.0%) 
origfaces              321/65536       17976/3670016  ( 0.5%) 
leaves                 358/65536       11456/2097152  ( 0.5%) 
leaffaces              623/65536        1246/131072   ( 1.0%) 
leafbrushes            361/65536         722/131072   ( 0.6%) 
areas                    2/1024           16/8192     ( 0.2%) 
surfedges             3759/512000      15036/2048000  ( 0.7%) 
edges                 2119/256000       8476/1024000  ( 0.8%) 
LDR worldlights          2/8192          176/720896   ( 0.0%) 
HDR worldlights          0/8192            0/720896   ( 0.0%) 
leafwaterdata            0/32768           0/393216   ( 0.0%) 
waterstrips             34/32768         340/327680   ( 0.1%) 
waterverts               0/65536           0/786432   ( 0.0%) 
waterindices           585/65536        1170/131072   ( 0.9%) 
cubemapsamples           0/1024            0/16384    ( 0.0%) 
overlays                 0/512             0/180224   ( 0.0%) 
LDR lightdata         [variable]       72268/0        ( 0.0%) 
HDR lightdata         [variable]           0/0        ( 0.0%) 
visdata               [variable]        7327/16777216 ( 0.0%) 
entdata               [variable]        1425/393216   ( 0.4%) 
LDR ambient table      358/65536        1432/262144   ( 0.5%) 
HDR ambient table      358/65536        1432/262144   ( 0.5%) 
LDR leaf ambient      1528/65536       42784/1835008  ( 2.3%) 
HDR leaf ambient       358/65536       10024/1835008  ( 0.5%) 
occluders                0/0               0/0        ( 0.0%) 
occluder polygons        0/0               0/0        ( 0.0%) 
occluder vert ind        0/0               0/0        ( 0.0%) 
detail props          [variable]           1/12       ( 8.3%) 
static props          [variable]           1/12       ( 8.3%) 
pakfile               [variable]      105675/0        ( 0.0%) 
physics               [variable]       40389/4194304  ( 1.0%) 
physics terrain       [variable]           2/1048576  ( 0.0%) 

Level flags = 0

Total triangle count: 1379
Writing d:\projects\maps\rp_hongkong\rp_hongkong.bsp
2 seconds elapsed



[Reading texlights from 'lights.rad']
[45 texlights parsed from 'lights.rad']

Loading d:\projects\maps\rp_hongkong\rp_hongkong.bsp
PREP OK
536 faces
67137 square feet [9667773.00 square inches]
0 Displacements
0 Square Feet [0.00 Square Inches]
536 patches before subdivision
3550 patches after subdivision
2 direct lights
0...1...2...3...4...5...6...7...8...9...100...1...2...3...4...5...6...7...8...9...10transfers 148805, max 264
transfer lists:   1.1 megs
0...1...2...3...4...5...6...7...8...9...10	Bounce #1 added RGB(1819, 1442, 987)
0...1...2...3...4...5...6...7...8...9...10	Bounce #2 added RGB(53, 37, 21)
0...1...2...3...4...5...6...7...8...9...10	Bounce #3 added RGB(1, 1, 0)
0...1...2...3...4...5...6...7...8...9...10	Bounce #4 added RGB(0, 0, 0)
Build Patch/Sample Hash Table(s).....Done<0.0007 sec>
0...1...2...3...4...5...6...7...8...9...10FinalLightFace Done
0 of 0 (0% of) surface lights went in leaf ambient cubes.
0...1...2...3...4...5...6...7...8...9...10Writing leaf ambient...done
Ready to Finish

Object names       Objects/Maxobjs  Memory / Maxmem  Fullness 
------------       ---------------  ---------------  -------- 
models                   3/1024          144/49152    ( 0.3%) 
brushes                 97/16384        1164/196608   ( 0.6%) 
brushsides             767/65536        6136/524288   ( 1.2%) 
planes                 390/65536        7800/1310720  ( 0.6%) 
vertexes               836/65536       10032/786432   ( 1.3%) 
nodes                  354/65536       11328/2097152  ( 0.5%) 
texinfos                90/12288        6480/884736   ( 0.7%) 
texdata                 16/2048          512/65536    ( 0.8%) 
dispinfos                0/0               0/0        ( 0.0%) 
disp_verts               0/0               0/0        ( 0.0%) 
disp_tris                0/0               0/0        ( 0.0%) 
disp_lmsamples           0/0               0/0        ( 0.0%) 
faces                  536/65536       30016/3670016  ( 0.8%) 
hdr faces              536/65536       30016/3670016  ( 0.8%) 
origfaces              321/65536       17976/3670016  ( 0.5%) 
leaves                 358/65536       11456/2097152  ( 0.5%) 
leaffaces              623/65536        1246/131072   ( 1.0%) 
leafbrushes            361/65536         722/131072   ( 0.6%) 
areas                    2/1024           16/8192     ( 0.2%) 
surfedges             3759/512000      15036/2048000  ( 0.7%) 
edges                 2119/256000       8476/1024000  ( 0.8%) 
LDR worldlights          2/8192          176/720896   ( 0.0%) 
HDR worldlights          2/8192          176/720896   ( 0.0%) 
leafwaterdata            0/32768           0/393216   ( 0.0%) 
waterstrips             34/32768         340/327680   ( 0.1%) 
waterverts               0/65536           0/786432   ( 0.0%) 
waterindices           585/65536        1170/131072   ( 0.9%) 
cubemapsamples           0/1024            0/16384    ( 0.0%) 
overlays                 0/512             0/180224   ( 0.0%) 
LDR lightdata         [variable]       72268/0        ( 0.0%) 
HDR lightdata         [variable]       72268/0        ( 0.0%) 
visdata               [variable]        7327/16777216 ( 0.0%) 
entdata               [variable]        1425/393216   ( 0.4%) 
LDR ambient table      358/65536        1432/262144   ( 0.5%) 
HDR ambient table      358/65536        1432/262144   ( 0.5%) 
LDR leaf ambient      1528/65536       42784/1835008  ( 2.3%) 
HDR leaf ambient      1528/65536       42784/1835008  ( 2.3%) 
occluders                0/0               0/0        ( 0.0%) 
occluder polygons        0/0               0/0        ( 0.0%) 
occluder vert ind        0/0               0/0        ( 0.0%) 
detail props          [variable]           1/12       ( 8.3%) 
static props          [variable]           1/12       ( 8.3%) 
pakfile               [variable]      105675/0        ( 0.0%) 
physics               [variable]       40389/4194304  ( 1.0%) 
physics terrain       [variable]           2/1048576  ( 0.0%) 

Level flags = 0

Total triangle count: 1379
Writing d:\projects\maps\rp_hongkong\rp_hongkong.bsp
1 second elapsed
