PRT1
164
416
4 0 82 (256 0 640 ) (256 0 624 ) (320 0 624 ) (320 0 640 ) 
4 0 9 (256 0 624 ) (256 0 640 ) (256 256 640 ) (256 256 624 ) 
4 0 1 (256 0 624 ) (256 256 624 ) (320 256 624 ) (320 0 624 ) 
4 1 83 (256 0 624 ) (256 0 128 ) (447.333313 0 128 ) (447.333313 0 624 ) 
4 1 38 (256 64 128 ) (256 128 128 ) (384 128 128 ) (384 64 128 ) 
3 1 36 (294 166 128 ) (281.400055 177.199905 128 ) (278 184 128 ) 
3 1 35 (281.400055 177.199905 128 ) (274.105255 183.684174 128 ) (266 208 128 ) 
3 1 34 (312 150 128 ) (280 166 128 ) (274.105255 183.684174 128 ) 
3 1 33 (384 128 128 ) (366 128 128 ) (360 130 128 ) 
3 1 32 (366 128 128 ) (356 128 128 ) (336 138 128 ) 
3 1 31 (280 166 128 ) (262.782623 174.608673 128 ) (258 232 128 ) 
3 1 30 (356 128 128 ) (266.666687 128 128 ) (262.782623 174.608673 128 ) 
3 1 29 (256 128 128 ) (256 256 128 ) (266.666687 128 128 ) 
4 1 13 (256 256 128 ) (256 212 128 ) (256 212 624 ) (256 256 624 ) 
4 1 11 (256 212 128 ) (256 94 128 ) (256 94 624 ) (256 212 624 ) 
4 1 10 (256 94 128 ) (256 0 128 ) (256 0 624 ) (256 94 624 ) 
4 1 6 (377.994141 208.011734 624 ) (391.997650 166.001221 624 ) (391.997650 166.001205 128 ) (377.994110 208.011795 128 ) 
4 1 4 (391.997650 166.001221 624 ) (395.497803 155.500732 624 ) (395.497803 155.500717 128 ) (391.997650 166.001205 128 ) 
4 1 3 (395.497803 155.500732 624 ) (447.331390 0 624 ) (447.331390 0 128 ) (395.497803 155.500717 128 ) 
4 1 2 (361.998047 256 128 ) (361.998047 256 624 ) (370 231.992264 624 ) (370 231.992264 128 ) 
4 3 83 (447.333313 0 128 ) (496 0 128 ) (496 0 624 ) (447.333313 0 624 ) 
4 3 5 (471.997406 130 624 ) (496 122 624 ) (496 122 128 ) (471.997406 130 128 ) 
4 3 4 (395.502045 155.498657 128 ) (395.502045 155.498657 624 ) (448.004059 137.997986 624 ) (448.003937 137.998032 128 ) 
4 4 8 (424 150 128 ) (417.200043 153.399979 128 ) (417.200043 153.399979 624 ) (424 150 624 ) 
4 4 7 (417.200043 153.399979 128 ) (401.333344 161.333328 128 ) (401.333344 161.333328 624 ) (417.200043 153.399979 624 ) 
4 4 6 (401.333344 161.333328 128 ) (392 166 128 ) (392 166 624 ) (401.333344 161.333328 624 ) 
4 6 7 (401.333649 161.332703 624 ) (401.333649 161.332703 128 ) (390 184 128 ) (390 184 624 ) 
4 7 8 (417.196350 153.401840 624 ) (417.196320 153.401855 128 ) (405.989990 166.008896 128 ) (405.990204 166.008698 624 ) 
4 9 82 (0 0 640 ) (0 0 624 ) (256 0 624 ) (256 0 640 ) 
4 9 50 (0 0 624 ) (0 0 640 ) (0 256 640 ) (0 256 624 ) 
4 9 41 (0 256 640 ) (0 320 640 ) (0 320 624 ) (0 256 624 ) 
3 9 13 (202 320 624 ) (256 320 624 ) (256 212 624 ) 
4 9 11 (180.666672 320 624 ) (202 320 624 ) (256 212 624 ) (256 94 624 ) 
5 9 10 (0 0 624 ) (0 320 624 ) (180.666672 320 624 ) (256 94 624 ) (256 0 624 ) 
4 10 83 (0 0 624 ) (0 0 128 ) (256 0 128 ) (256 0 624 ) 
4 10 51 (0 0 128 ) (0 0 624 ) (0 256 624 ) (0 256 128 ) 
4 10 44 (0 447.333313 624 ) (0 496 624 ) (0 496 128 ) (0 447.333313 128 ) 
4 10 42 (0 256 624 ) (0 447.333313 624 ) (0 447.333313 128 ) (0 256 128 ) 
3 10 40 (64 128 128 ) (128 128 128 ) (128 64 128 ) 
5 10 38 (128 64 128 ) (128 128 128 ) (244.666656 128 128 ) (256 94 128 ) (256 64 128 ) 
4 10 29 (64 256 128 ) (202 256 128 ) (244.666656 128 128 ) (64 128 128 ) 
3 10 26 (184 278 128 ) (177.199982 281.399994 128 ) (166 294 128 ) 
3 10 25 (177.199982 281.399994 128 ) (161.333328 289.333313 128 ) (150 312 128 ) 
4 10 24 (196.800003 271.600006 128 ) (197.500000 269.500000 128 ) (166 280 128 ) (161.333328 289.333313 128 ) 
3 10 23 (122 384 128 ) (128 384 128 ) (130 360 128 ) 
3 10 22 (166 280 128 ) (155.500000 283.500000 128 ) (138 336 128 ) 
4 10 21 (64 384 128 ) (122 384 128 ) (155.500000 283.500000 128 ) (64 314 128 ) 
4 10 19 (197.500000 269.500000 128 ) (202 256 128 ) (64 256 128 ) (64 314 128 ) 
4 10 12 (122 496 128 ) (122 496 624 ) (130 472 624 ) (130 472 128 ) 
4 10 11 (138 448 624 ) (256 94 624 ) (256 94 128 ) (138 448 128 ) 
3 11 38 (256 128 128 ) (256 94 128 ) (244.666656 128 128 ) 
5 11 29 (256 212 128 ) (256 128 128 ) (244.666656 128 128 ) (202 256 128 ) (234 256 128 ) 
3 11 24 (197.499985 269.500031 128 ) (196.800003 271.599976 128 ) (208 266 128 ) 
3 11 20 (233.043488 257.913025 128 ) (233.200027 257.599976 128 ) (232 258 128 ) 
4 11 19 (202 256 128 ) (197.499985 269.500031 128 ) (233.200027 257.599976 128 ) (234 256 128 ) 
4 11 16 (150 424 624 ) (161.333344 401.333313 624 ) (161.333344 401.333313 128 ) (150 424 128 ) 
4 11 15 (161.333344 401.333313 624 ) (166 392 624 ) (166 392 128 ) (161.333344 401.333313 128 ) 
4 11 13 (166 392 624 ) (256 212 624 ) (256 212 128 ) (166 392 128 ) 
3 13 29 (256 256 128 ) (256 212 128 ) (234 256 128 ) 
4 13 20 (256 256 128 ) (238 256 128 ) (233.200027 257.599976 128 ) (233.043503 257.913025 128 ) 
3 13 19 (238 256 128 ) (234 256 128 ) (233.200027 257.599976 128 ) 
4 13 15 (166.002167 391.998627 128 ) (166.002151 391.998627 624 ) (208.003860 377.998047 624 ) (208.003876 377.998047 128 ) 
4 13 14 (231.997299 370 624 ) (256 362 624 ) (256 362 128 ) (231.997299 370 128 ) 
4 15 17 (184 390 128 ) (177.199982 393.399994 128 ) (177.199997 393.399994 624 ) (184 390 624 ) 
4 15 16 (177.199982 393.399994 128 ) (161.333374 401.333313 128 ) (161.333374 401.333313 624 ) (177.199997 393.399994 624 ) 
4 16 17 (177.203125 393.400360 624 ) (177.203125 393.400360 128 ) (166.015259 405.986481 128 ) (166.015350 405.986389 624 ) 
4 18 59 (0 512 112 ) (0 512 0 ) (0 384 0 ) (0 384 112 ) 
4 18 27 (0 384 0 ) (64 384 0 ) (64 384 112 ) (0 384 112 ) 
4 18 23 (122 384 0 ) (128 384 0 ) (128 384 112 ) (122 384 112 ) 
4 18 21 (64 384 0 ) (122 384 0 ) (122 384 112 ) (64 384 112 ) 
4 19 29 (64 256 0 ) (238 256 0 ) (238 256 128 ) (64 256 128 ) 
4 19 27 (64 314 0 ) (64 256 0 ) (64 256 112 ) (64 314 112 ) 
4 19 24 (207.994217 266.002899 0 ) (166 280.001160 0 ) (166 280.001160 128 ) (207.994202 266.002899 128 ) 
4 19 22 (166 280.001160 0 ) (155.499619 283.501099 0 ) (155.499603 283.501099 128 ) (166 280.001160 128 ) 
4 19 21 (155.499619 283.501099 0 ) (64 314 0 ) (64 314 128 ) (155.499603 283.501099 128 ) 
4 19 20 (238.002930 256 128 ) (238.002930 256 0 ) (232.003937 258 0 ) (232.003937 258 128 ) 
4 20 29 (238 256 0 ) (256 256 0 ) (256 256 128 ) (238 256 128 ) 
4 21 27 (64 384 112 ) (64 384 0 ) (64 314 0 ) (64 314 112 ) 
4 21 23 (130 359.996460 0 ) (122 384 0 ) (122 384 128 ) (130 359.996460 128 ) 
4 21 22 (155.499023 283.500000 128 ) (155.499023 283.500000 0 ) (137.997299 336.005371 0 ) (137.997299 336.005371 128 ) 
4 22 25 (161.333344 289.333313 0 ) (150 312 0 ) (150 312 128 ) (161.333344 289.333313 128 ) 
4 22 24 (166 280 128 ) (166 280 0 ) (161.333344 289.333313 0 ) (161.333344 289.333313 128 ) 
4 24 26 (184 278 0 ) (177.199951 281.400024 0 ) (177.199951 281.400024 128 ) (184 278 128 ) 
4 24 25 (177.199951 281.400024 0 ) (161.332672 289.333679 0 ) (161.332672 289.333679 128 ) (177.199951 281.400024 128 ) 
4 25 26 (177.203125 281.398438 128 ) (177.203125 281.398438 0 ) (166.009521 293.991547 0 ) (166.009521 293.991547 128 ) 
4 27 60 (0 384 112 ) (0 384 0 ) (0 256 0 ) (0 256 112 ) 
4 27 37 (0 256 0 ) (64 256 0 ) (64 256 112 ) (0 256 112 ) 
4 28 100 (384 0 112 ) (384 0 0 ) (512 0 0 ) (512 0 112 ) 
4 28 39 (384 64 0 ) (384 0 0 ) (384 0 112 ) (384 64 112 ) 
4 28 38 (384 128 0 ) (384 64 0 ) (384 64 112 ) (384 128 112 ) 
4 29 40 (64 128 0 ) (128 128 0 ) (128 128 128 ) (64 128 128 ) 
4 29 38 (128 128 0 ) (266.666687 128 0 ) (266.666687 128 128 ) (128 128 128 ) 
4 29 37 (64 256 112 ) (64 256 0 ) (64 128 0 ) (64 128 112 ) 
4 29 31 (262.782928 174.608521 0 ) (258 231.998810 0 ) (258 231.998810 128 ) (262.782928 174.608521 128 ) 
4 29 30 (266.666992 128 128 ) (266.666992 128 0 ) (262.782928 174.608521 0 ) (262.782928 174.608521 128 ) 
4 30 38 (266.666687 128 0 ) (356 128 0 ) (356 128 128 ) (266.666687 128 128 ) 
4 30 34 (312 150 0 ) (280 166 0 ) (280 166 128 ) (312 150 128 ) 
4 30 32 (356 128 128 ) (356 128 0 ) (336 138 0 ) (336 138 128 ) 
4 30 31 (280 166 0 ) (262.785156 174.607422 0 ) (262.785156 174.607422 128 ) (280 166 128 ) 
4 31 35 (274.106201 183.683380 0 ) (266.001923 207.996124 0 ) (266.001923 207.996124 128 ) (274.106201 183.683380 128 ) 
4 31 34 (280.001953 165.996094 128 ) (280.001953 165.996094 0 ) (274.106201 183.683380 0 ) (274.106201 183.683380 128 ) 
4 32 38 (356 128 0 ) (366 128 0 ) (366 128 128 ) (356 128 128 ) 
4 32 33 (366.003906 128 128 ) (366.003906 128 0 ) (360.005219 130 0 ) (360.005219 130 128 ) 
4 33 38 (366 128 0 ) (384 128 0 ) (384 128 128 ) (366 128 128 ) 
4 34 36 (294.006561 165.992599 0 ) (281.401642 177.196716 0 ) (281.401642 177.196716 128 ) (294.006561 165.992599 128 ) 
4 34 35 (281.401642 177.196716 0 ) (274.105255 183.682251 0 ) (274.105255 183.682251 128 ) (281.401642 177.196716 128 ) 
4 35 36 (281.397461 177.205078 128 ) (281.397461 177.205078 0 ) (278 184 0 ) (278 184 128 ) 
4 37 60 (0 256 112 ) (0 256 0 ) (0 128 0 ) (0 128 112 ) 
4 38 40 (128 128 128 ) (128 128 0 ) (128 64 0 ) (128 64 128 ) 
4 38 39 (128 64 112 ) (128 64 0 ) (384 64 0 ) (384 64 112 ) 
4 39 110 (128 0 112 ) (128 0 0 ) (256 0 0 ) (256 0 112 ) 
4 39 101 (256 0 0 ) (384 0 0 ) (384 0 112 ) (256 0 112 ) 
4 41 50 (0 256 624 ) (0 256 640 ) (-256 256 640 ) (-256 256 624 ) 
4 41 42 (0 256 624 ) (-256 256 624 ) (-256 320 624 ) (0 320 624 ) 
3 42 70 (-166 294 128 ) (-177.199905 281.400055 128 ) (-184 278 128 ) 
3 42 69 (-177.199905 281.400055 128 ) (-183.684174 274.105255 128 ) (-208 266 128 ) 
3 42 68 (-150 312 128 ) (-166 280 128 ) (-183.684174 274.105255 128 ) 
3 42 67 (-128 384 128 ) (-128 366 128 ) (-130 360 128 ) 
3 42 66 (-128 366 128 ) (-128 356 128 ) (-138 336 128 ) 
3 42 65 (-166 280 128 ) (-174.608673 262.782623 128 ) (-232 258 128 ) 
3 42 64 (-128 356 128 ) (-128 266.666687 128 ) (-174.608673 262.782623 128 ) 
3 42 63 (-128 256 128 ) (-256 256 128 ) (-128 266.666687 128 ) 
4 42 61 (-64 256 128 ) (-128 256 128 ) (-128 384 128 ) (-64 384 128 ) 
4 42 54 (-256 256 128 ) (-212 256 128 ) (-212 256 624 ) (-256 256 624 ) 
4 42 52 (-212 256 128 ) (-94 256 128 ) (-94 256 624 ) (-212 256 624 ) 
4 42 51 (-94 256 128 ) (0 256 128 ) (0 256 624 ) (-94 256 624 ) 
4 42 47 (-208.011734 377.994141 624 ) (-166.001221 391.997650 624 ) (-166.001205 391.997650 128 ) (-208.011795 377.994110 128 ) 
4 42 45 (-166.001221 391.997650 624 ) (-155.500732 395.497803 624 ) (-155.500717 395.497803 128 ) (-166.001205 391.997650 128 ) 
4 42 44 (-155.500732 395.497803 624 ) (0 447.331390 624 ) (0 447.331390 128 ) (-155.500717 395.497803 128 ) 
4 42 43 (-256 361.998047 128 ) (-256 361.998047 624 ) (-231.992264 370 624 ) (-231.992264 370 128 ) 
4 44 46 (-130 471.997406 624 ) (-122 496 624 ) (-122 496 128 ) (-130 471.997406 128 ) 
4 44 45 (-155.498657 395.502045 128 ) (-155.498657 395.502045 624 ) (-137.997986 448.004059 624 ) (-137.998032 448.003937 128 ) 
4 45 49 (-150 424 128 ) (-153.399979 417.200043 128 ) (-153.399979 417.200043 624 ) (-150 424 624 ) 
4 45 48 (-153.399979 417.200043 128 ) (-161.333328 401.333344 128 ) (-161.333328 401.333344 624 ) (-153.399979 417.200043 624 ) 
4 45 47 (-161.333328 401.333344 128 ) (-166 392 128 ) (-166 392 624 ) (-161.333328 401.333344 624 ) 
4 47 48 (-161.332703 401.333649 624 ) (-161.332703 401.333649 128 ) (-184 390 128 ) (-184 390 624 ) 
4 48 49 (-153.401840 417.196350 624 ) (-153.401855 417.196320 128 ) (-166.008896 405.989990 128 ) (-166.008698 405.990204 624 ) 
4 50 132 (-256 0 640 ) (-320 0 640 ) (-320 0 624 ) (-256 0 624 ) 
4 50 123 (0 0 624 ) (0 0 640 ) (-256 0 640 ) (-256 0 624 ) 
3 50 54 (-320 202 624 ) (-320 256 624 ) (-212 256 624 ) 
4 50 52 (-320 180.666672 624 ) (-320 202 624 ) (-212 256 624 ) (-94 256 624 ) 
5 50 51 (0 0 624 ) (-320 0 624 ) (-320 180.666672 624 ) (-94 256 624 ) (0 256 624 ) 
4 51 135 (-447.333313 0 624 ) (-496 0 624 ) (-496 0 128 ) (-447.333313 0 128 ) 
4 51 133 (-256 0 624 ) (-447.333313 0 624 ) (-447.333313 0 128 ) (-256 0 128 ) 
4 51 124 (0 0 128 ) (0 0 624 ) (-256 0 624 ) (-256 0 128 ) 
3 51 79 (-278 184 128 ) (-281.399994 177.199982 128 ) (-294 166 128 ) 
3 51 78 (-281.399994 177.199982 128 ) (-289.333313 161.333328 128 ) (-312 150 128 ) 
4 51 77 (-271.600006 196.800003 128 ) (-269.500000 197.500000 128 ) (-280 166 128 ) (-289.333313 161.333328 128 ) 
3 51 76 (-384 122 128 ) (-384 128 128 ) (-360 130 128 ) 
3 51 75 (-280 166 128 ) (-283.500000 155.500000 128 ) (-336 138 128 ) 
4 51 74 (-384 64 128 ) (-384 122 128 ) (-283.500000 155.500000 128 ) (-314 64 128 ) 
4 51 72 (-269.500000 197.500000 128 ) (-256 202 128 ) (-256 64 128 ) (-314 64 128 ) 
4 51 63 (-256 64 128 ) (-256 202 128 ) (-128 244.666656 128 ) (-128 64 128 ) 
3 51 62 (-128 64 128 ) (-128 128 128 ) (-64 128 128 ) 
5 51 61 (-64 128 128 ) (-128 128 128 ) (-128 244.666656 128 ) (-94 256 128 ) (-64 256 128 ) 
4 51 53 (-496 122 128 ) (-496 122 624 ) (-472 130 624 ) (-472 130 128 ) 
4 51 52 (-448 138 624 ) (-94 256 624 ) (-94 256 128 ) (-448 138 128 ) 
3 52 77 (-269.500031 197.499985 128 ) (-271.599976 196.800003 128 ) (-266 208 128 ) 
3 52 73 (-257.913025 233.043488 128 ) (-257.599976 233.200027 128 ) (-258 232 128 ) 
4 52 72 (-256 202 128 ) (-269.500031 197.499985 128 ) (-257.599976 233.200027 128 ) (-256 234 128 ) 
5 52 63 (-212 256 128 ) (-128 256 128 ) (-128 244.666656 128 ) (-256 202 128 ) (-256 234 128 ) 
3 52 61 (-128 256 128 ) (-94 256 128 ) (-128 244.666656 128 ) 
4 52 57 (-424 150 624 ) (-401.333313 161.333344 624 ) (-401.333313 161.333344 128 ) (-424 150 128 ) 
4 52 56 (-401.333313 161.333344 624 ) (-392 166 624 ) (-392 166 128 ) (-401.333313 161.333344 128 ) 
4 52 54 (-392 166 624 ) (-212 256 624 ) (-212 256 128 ) (-392 166 128 ) 
4 54 73 (-256 256 128 ) (-256 238 128 ) (-257.599976 233.200027 128 ) (-257.913025 233.043503 128 ) 
3 54 72 (-256 238 128 ) (-256 234 128 ) (-257.599976 233.200027 128 ) 
3 54 63 (-256 256 128 ) (-212 256 128 ) (-256 234 128 ) 
4 54 56 (-391.998627 166.002167 128 ) (-391.998627 166.002151 624 ) (-377.998047 208.003860 624 ) (-377.998047 208.003876 128 ) 
4 54 55 (-370 231.997299 624 ) (-362 256 624 ) (-362 256 128 ) (-370 231.997299 128 ) 
4 56 58 (-390 184 128 ) (-393.399994 177.199982 128 ) (-393.399994 177.199997 624 ) (-390 184 624 ) 
4 56 57 (-393.399994 177.199982 128 ) (-401.333313 161.333374 128 ) (-401.333313 161.333374 624 ) (-393.399994 177.199997 624 ) 
4 57 58 (-393.400360 177.203125 624 ) (-393.400360 177.203125 128 ) (-405.986481 166.015259 128 ) (-405.986389 166.015350 624 ) 
4 59 60 (-64 384 0 ) (0 384 0 ) (0 384 112 ) (-64 384 112 ) 
4 59 61 (-128 384 0 ) (-64 384 0 ) (-64 384 112 ) (-128 384 112 ) 
4 60 61 (-64 384 112 ) (-64 384 0 ) (-64 128 0 ) (-64 128 112 ) 
4 61 67 (-128 384 128 ) (-128 384 0 ) (-128 366 0 ) (-128 366 128 ) 
4 61 66 (-128 366 0 ) (-128 356 0 ) (-128 356 128 ) (-128 366 128 ) 
4 61 64 (-128 356 0 ) (-128 266.666687 0 ) (-128 266.666687 128 ) (-128 356 128 ) 
4 61 63 (-128 266.666687 0 ) (-128 128 0 ) (-128 128 128 ) (-128 266.666687 128 ) 
4 61 62 (-128 128 128 ) (-128 128 0 ) (-64 128 0 ) (-64 128 128 ) 
4 62 63 (-128 128 0 ) (-128 64 0 ) (-128 64 128 ) (-128 128 128 ) 
4 63 73 (-256 256 0 ) (-256 238 0 ) (-256 238 128 ) (-256 256 128 ) 
4 63 72 (-256 238 0 ) (-256 64 0 ) (-256 64 128 ) (-256 238 128 ) 
4 63 71 (-256 64 112 ) (-256 64 0 ) (-128 64 0 ) (-128 64 112 ) 
4 63 65 (-174.608521 262.782928 0 ) (-231.998810 258 0 ) (-231.998810 258 128 ) (-174.608521 262.782928 128 ) 
4 63 64 (-128 266.666992 128 ) (-128 266.666992 0 ) (-174.608521 262.782928 0 ) (-174.608521 262.782928 128 ) 
4 64 68 (-150 312 0 ) (-166 280 0 ) (-166 280 128 ) (-150 312 128 ) 
4 64 66 (-128 356 128 ) (-128 356 0 ) (-138 336 0 ) (-138 336 128 ) 
4 64 65 (-166 280 0 ) (-174.607422 262.785156 0 ) (-174.607422 262.785156 128 ) (-166 280 128 ) 
4 65 69 (-183.683380 274.106201 0 ) (-207.996124 266.001923 0 ) (-207.996124 266.001923 128 ) (-183.683380 274.106201 128 ) 
4 65 68 (-165.996094 280.001953 128 ) (-165.996094 280.001953 0 ) (-183.683380 274.106201 0 ) (-183.683380 274.106201 128 ) 
4 66 67 (-128 366.003906 128 ) (-128 366.003906 0 ) (-130 360.005219 0 ) (-130 360.005219 128 ) 
4 68 70 (-165.992599 294.006561 0 ) (-177.196716 281.401642 0 ) (-177.196716 281.401642 128 ) (-165.992599 294.006561 128 ) 
4 68 69 (-177.196716 281.401642 0 ) (-183.682251 274.105255 0 ) (-183.682251 274.105255 128 ) (-177.196716 281.401642 128 ) 
4 69 70 (-177.205078 281.397461 128 ) (-177.205078 281.397461 0 ) (-184 278 0 ) (-184 278 128 ) 
4 71 142 (-256 0 112 ) (-256 0 0 ) (-128 0 0 ) (-128 0 112 ) 
4 71 80 (-256 64 0 ) (-256 0 0 ) (-256 0 112 ) (-256 64 112 ) 
4 72 80 (-314 64 0 ) (-256 64 0 ) (-256 64 112 ) (-314 64 112 ) 
4 72 77 (-266.002899 207.994217 0 ) (-280.001160 166 0 ) (-280.001160 166 128 ) (-266.002899 207.994202 128 ) 
4 72 75 (-280.001160 166 0 ) (-283.501099 155.499619 0 ) (-283.501099 155.499603 128 ) (-280.001160 166 128 ) 
4 72 74 (-283.501099 155.499619 0 ) (-314 64 0 ) (-314 64 128 ) (-283.501099 155.499603 128 ) 
4 72 73 (-256 238.002930 128 ) (-256 238.002930 0 ) (-258 232.003937 0 ) (-258 232.003937 128 ) 
4 74 81 (-384 122 0 ) (-384 64 0 ) (-384 64 112 ) (-384 122 112 ) 
4 74 80 (-384 64 112 ) (-384 64 0 ) (-314 64 0 ) (-314 64 112 ) 
4 74 76 (-359.996460 130 0 ) (-384 122 0 ) (-384 122 128 ) (-359.996460 130 128 ) 
4 74 75 (-283.500000 155.499023 128 ) (-283.500000 155.499023 0 ) (-336.005371 137.997299 0 ) (-336.005371 137.997299 128 ) 
4 75 78 (-289.333313 161.333344 0 ) (-312 150 0 ) (-312 150 128 ) (-289.333313 161.333344 128 ) 
4 75 77 (-280 166 128 ) (-280 166 0 ) (-289.333313 161.333344 0 ) (-289.333313 161.333344 128 ) 
4 76 81 (-384 128 0 ) (-384 122 0 ) (-384 122 112 ) (-384 128 112 ) 
4 77 79 (-278 184 0 ) (-281.400024 177.199951 0 ) (-281.400024 177.199951 128 ) (-278 184 128 ) 
4 77 78 (-281.400024 177.199951 0 ) (-289.333679 161.332672 0 ) (-289.333679 161.332672 128 ) (-281.400024 177.199951 128 ) 
4 78 79 (-281.398438 177.203125 128 ) (-281.398438 177.203125 0 ) (-293.991547 166.009521 0 ) (-293.991547 166.009521 128 ) 
4 80 142 (-384 0 112 ) (-384 0 0 ) (-256 0 0 ) (-256 0 112 ) 
4 80 81 (-384 64 0 ) (-384 0 0 ) (-384 0 112 ) (-384 64 112 ) 
4 81 153 (-512 0 112 ) (-512 0 0 ) (-384 0 0 ) (-384 0 112 ) 
4 82 123 (0 0 640 ) (0 0 624 ) (0 -256 624 ) (0 -256 640 ) 
4 82 91 (0 -256 640 ) (0 -256 624 ) (256 -256 624 ) (256 -256 640 ) 
3 82 86 (320 -256 624 ) (212 -256 624 ) (320 -202 624 ) 
4 82 84 (212 -256 624 ) (94 -256 624 ) (320 -180.666672 624 ) (320 -202 624 ) 
5 82 83 (94 -256 624 ) (0 -256 624 ) (0 0 624 ) (320 0 624 ) (320 -180.666672 624 ) 
4 83 124 (0 0 624 ) (0 0 128 ) (0 -256 128 ) (0 -256 624 ) 
5 83 120 (64 -128 128 ) (128 -128 128 ) (128 -244.666656 128 ) (94 -256 128 ) (64 -256 128 ) 
3 83 119 (128 -64 128 ) (128 -128 128 ) (64 -128 128 ) 
4 83 111 (256 -64 128 ) (256 -202 128 ) (128 -244.666656 128 ) (128 -64 128 ) 
3 83 109 (278 -184 128 ) (281.399994 -177.199982 128 ) (294 -166 128 ) 
3 83 108 (281.399994 -177.199982 128 ) (289.333313 -161.333328 128 ) (312 -150 128 ) 
4 83 107 (271.600006 -196.800003 128 ) (269.500000 -197.500000 128 ) (280 -166 128 ) (289.333313 -161.333328 128 ) 
3 83 106 (384 -122 128 ) (384 -128 128 ) (360 -130 128 ) 
3 83 105 (280 -166 128 ) (283.500000 -155.500000 128 ) (336 -138 128 ) 
4 83 104 (384 -64 128 ) (384 -122 128 ) (283.500000 -155.500000 128 ) (314 -64 128 ) 
4 83 102 (269.500000 -197.500000 128 ) (256 -202 128 ) (256 -64 128 ) (314 -64 128 ) 
4 83 92 (0 -256 624 ) (0 -256 128 ) (94 -256 128 ) (94 -256 624 ) 
4 83 85 (496 -122 128 ) (496 -122 624 ) (472 -130 624 ) (472 -130 128 ) 
4 83 84 (448 -138 624 ) (94 -256 624 ) (94 -256 128 ) (448 -138 128 ) 
3 84 120 (128 -256 128 ) (94 -256 128 ) (128 -244.666656 128 ) 
5 84 111 (212 -256 128 ) (128 -256 128 ) (128 -244.666656 128 ) (256 -202 128 ) (256 -234 128 ) 
3 84 107 (269.500031 -197.499985 128 ) (271.599976 -196.800003 128 ) (266 -208 128 ) 
3 84 103 (257.913025 -233.043488 128 ) (257.599976 -233.200027 128 ) (258 -232 128 ) 
4 84 102 (256 -202 128 ) (269.500031 -197.499985 128 ) (257.599976 -233.200027 128 ) (256 -234 128 ) 
4 84 92 (94 -256 128 ) (212 -256 128 ) (212 -256 624 ) (94 -256 624 ) 
4 84 89 (424 -150 624 ) (401.333313 -161.333344 624 ) (401.333313 -161.333344 128 ) (424 -150 128 ) 
4 84 88 (401.333313 -161.333344 624 ) (392 -166 624 ) (392 -166 128 ) (401.333313 -161.333344 128 ) 
4 84 86 (392 -166 624 ) (212 -256 624 ) (212 -256 128 ) (392 -166 128 ) 
3 86 111 (256 -256 128 ) (212 -256 128 ) (256 -234 128 ) 
4 86 103 (256 -256 128 ) (256 -238 128 ) (257.599976 -233.200027 128 ) (257.913025 -233.043503 128 ) 
3 86 102 (256 -238 128 ) (256 -234 128 ) (257.599976 -233.200027 128 ) 
4 86 92 (212 -256 128 ) (256 -256 128 ) (256 -256 624 ) (212 -256 624 ) 
4 86 88 (391.998627 -166.002167 128 ) (391.998627 -166.002151 624 ) (377.998047 -208.003860 624 ) (377.998047 -208.003876 128 ) 
4 86 87 (370 -231.997299 624 ) (362 -256 624 ) (362 -256 128 ) (370 -231.997299 128 ) 
4 88 90 (390 -184 128 ) (393.399994 -177.199982 128 ) (393.399994 -177.199997 624 ) (390 -184 624 ) 
4 88 89 (393.399994 -177.199982 128 ) (401.333313 -161.333374 128 ) (401.333313 -161.333374 624 ) (393.399994 -177.199997 624 ) 
4 89 90 (393.400360 -177.203125 624 ) (393.400360 -177.203125 128 ) (405.986481 -166.015259 128 ) (405.986389 -166.015350 624 ) 
4 91 123 (0 -320 640 ) (0 -256 640 ) (0 -256 624 ) (0 -320 624 ) 
4 91 92 (0 -256 624 ) (256 -256 624 ) (256 -320 624 ) (0 -320 624 ) 
4 92 124 (0 -256 128 ) (0 -447.333313 128 ) (0 -447.333313 624 ) (0 -256 624 ) 
4 92 120 (64 -256 128 ) (128 -256 128 ) (128 -384 128 ) (64 -384 128 ) 
3 92 118 (166 -294 128 ) (177.199905 -281.400055 128 ) (184 -278 128 ) 
3 92 117 (177.199905 -281.400055 128 ) (183.684174 -274.105255 128 ) (208 -266 128 ) 
3 92 116 (150 -312 128 ) (166 -280 128 ) (183.684174 -274.105255 128 ) 
3 92 115 (128 -384 128 ) (128 -366 128 ) (130 -360 128 ) 
3 92 114 (128 -366 128 ) (128 -356 128 ) (138 -336 128 ) 
3 92 113 (166 -280 128 ) (174.608673 -262.782623 128 ) (232 -258 128 ) 
3 92 112 (128 -356 128 ) (128 -266.666687 128 ) (174.608673 -262.782623 128 ) 
3 92 111 (128 -256 128 ) (256 -256 128 ) (128 -266.666687 128 ) 
4 92 97 (208.011734 -377.994141 624 ) (166.001221 -391.997650 624 ) (166.001205 -391.997650 128 ) (208.011795 -377.994110 128 ) 
4 92 95 (166.001221 -391.997650 624 ) (155.500732 -395.497803 624 ) (155.500717 -395.497803 128 ) (166.001205 -391.997650 128 ) 
4 92 94 (155.500732 -395.497803 624 ) (0 -447.331390 624 ) (0 -447.331390 128 ) (155.500717 -395.497803 128 ) 
4 92 93 (256 -361.998047 128 ) (256 -361.998047 624 ) (231.992264 -370 624 ) (231.992264 -370 128 ) 
4 94 124 (0 -447.333313 128 ) (0 -496 128 ) (0 -496 624 ) (0 -447.333313 624 ) 
4 94 96 (130 -471.997406 624 ) (122 -496 624 ) (122 -496 128 ) (130 -471.997406 128 ) 
4 94 95 (155.498657 -395.502045 128 ) (155.498657 -395.502045 624 ) (137.997986 -448.004059 624 ) (137.998032 -448.003937 128 ) 
4 95 99 (150 -424 128 ) (153.399979 -417.200043 128 ) (153.399979 -417.200043 624 ) (150 -424 624 ) 
4 95 98 (153.399979 -417.200043 128 ) (161.333328 -401.333344 128 ) (161.333328 -401.333344 624 ) (153.399979 -417.200043 624 ) 
4 95 97 (161.333328 -401.333344 128 ) (166 -392 128 ) (166 -392 624 ) (161.333328 -401.333344 624 ) 
4 97 98 (161.332703 -401.333649 624 ) (161.332703 -401.333649 128 ) (184 -390 128 ) (184 -390 624 ) 
4 98 99 (153.401840 -417.196350 624 ) (153.401855 -417.196320 128 ) (166.008896 -405.989990 128 ) (166.008698 -405.990204 624 ) 
4 100 106 (384 -122 0 ) (384 -128 0 ) (384 -128 112 ) (384 -122 112 ) 
4 100 104 (384 -64 0 ) (384 -122 0 ) (384 -122 112 ) (384 -64 112 ) 
4 100 101 (384 0 0 ) (384 -64 0 ) (384 -64 112 ) (384 0 112 ) 
4 101 110 (256 0 0 ) (256 -64 0 ) (256 -64 112 ) (256 0 112 ) 
4 101 104 (314 -64 0 ) (384 -64 0 ) (384 -64 112 ) (314 -64 112 ) 
4 101 102 (256 -64 112 ) (256 -64 0 ) (314 -64 0 ) (314 -64 112 ) 
4 102 111 (256 -64 0 ) (256 -238 0 ) (256 -238 128 ) (256 -64 128 ) 
4 102 107 (266.002899 -207.994217 0 ) (280.001160 -166 0 ) (280.001160 -166 128 ) (266.002899 -207.994202 128 ) 
4 102 105 (280.001160 -166 0 ) (283.501099 -155.499619 0 ) (283.501099 -155.499603 128 ) (280.001160 -166 128 ) 
4 102 104 (283.501099 -155.499619 0 ) (314 -64 0 ) (314 -64 128 ) (283.501099 -155.499603 128 ) 
4 102 103 (256 -238.002930 128 ) (256 -238.002930 0 ) (258 -232.003937 0 ) (258 -232.003937 128 ) 
4 103 111 (256 -238 0 ) (256 -256 0 ) (256 -256 128 ) (256 -238 128 ) 
4 104 106 (359.996460 -130 0 ) (384 -122 0 ) (384 -122 128 ) (359.996460 -130 128 ) 
4 104 105 (283.500000 -155.499023 128 ) (283.500000 -155.499023 0 ) (336.005371 -137.997299 0 ) (336.005371 -137.997299 128 ) 
4 105 108 (289.333313 -161.333344 0 ) (312 -150 0 ) (312 -150 128 ) (289.333313 -161.333344 128 ) 
4 105 107 (280 -166 128 ) (280 -166 0 ) (289.333313 -161.333344 0 ) (289.333313 -161.333344 128 ) 
4 107 109 (278 -184 0 ) (281.400024 -177.199951 0 ) (281.400024 -177.199951 128 ) (278 -184 128 ) 
4 107 108 (281.400024 -177.199951 0 ) (289.333679 -161.332672 0 ) (289.333679 -161.332672 128 ) (281.400024 -177.199951 128 ) 
4 108 109 (281.398438 -177.203125 128 ) (281.398438 -177.203125 0 ) (293.991547 -166.009521 0 ) (293.991547 -166.009521 128 ) 
4 110 111 (128 -64 112 ) (128 -64 0 ) (256 -64 0 ) (256 -64 112 ) 
4 111 120 (128 -128 0 ) (128 -266.666687 0 ) (128 -266.666687 128 ) (128 -128 128 ) 
4 111 119 (128 -64 0 ) (128 -128 0 ) (128 -128 128 ) (128 -64 128 ) 
4 111 113 (174.608521 -262.782928 0 ) (231.998810 -258 0 ) (231.998810 -258 128 ) (174.608521 -262.782928 128 ) 
4 111 112 (128 -266.666992 128 ) (128 -266.666992 0 ) (174.608521 -262.782928 0 ) (174.608521 -262.782928 128 ) 
4 112 120 (128 -266.666687 0 ) (128 -356 0 ) (128 -356 128 ) (128 -266.666687 128 ) 
4 112 116 (150 -312 0 ) (166 -280 0 ) (166 -280 128 ) (150 -312 128 ) 
4 112 114 (128 -356 128 ) (128 -356 0 ) (138 -336 0 ) (138 -336 128 ) 
4 112 113 (166 -280 0 ) (174.607422 -262.785156 0 ) (174.607422 -262.785156 128 ) (166 -280 128 ) 
4 113 117 (183.683380 -274.106201 0 ) (207.996124 -266.001923 0 ) (207.996124 -266.001923 128 ) (183.683380 -274.106201 128 ) 
4 113 116 (165.996094 -280.001953 128 ) (165.996094 -280.001953 0 ) (183.683380 -274.106201 0 ) (183.683380 -274.106201 128 ) 
4 114 120 (128 -356 0 ) (128 -366 0 ) (128 -366 128 ) (128 -356 128 ) 
4 114 115 (128 -366.003906 128 ) (128 -366.003906 0 ) (130 -360.005219 0 ) (130 -360.005219 128 ) 
4 115 120 (128 -366 0 ) (128 -384 0 ) (128 -384 128 ) (128 -366 128 ) 
4 116 118 (165.992599 -294.006561 0 ) (177.196716 -281.401642 0 ) (177.196716 -281.401642 128 ) (165.992599 -294.006561 128 ) 
4 116 117 (177.196716 -281.401642 0 ) (183.682251 -274.105255 0 ) (183.682251 -274.105255 128 ) (177.196716 -281.401642 128 ) 
4 117 118 (177.205078 -281.397461 128 ) (177.205078 -281.397461 0 ) (184 -278 0 ) (184 -278 128 ) 
4 119 120 (64 -128 0 ) (128 -128 0 ) (128 -128 128 ) (64 -128 128 ) 
4 120 122 (64 -384 0 ) (128 -384 0 ) (128 -384 112 ) (64 -384 112 ) 
4 120 121 (64 -128 112 ) (64 -128 0 ) (64 -384 0 ) (64 -384 112 ) 
4 121 154 (0 -256 0 ) (0 -384 0 ) (0 -384 112 ) (0 -256 112 ) 
4 121 144 (0 -128 0 ) (0 -256 0 ) (0 -256 112 ) (0 -128 112 ) 
4 121 122 (0 -384 0 ) (64 -384 0 ) (64 -384 112 ) (0 -384 112 ) 
4 122 163 (0 -384 0 ) (0 -512 0 ) (0 -512 112 ) (0 -384 112 ) 
4 123 132 (-256 0 640 ) (-256 0 624 ) (-256 -256 624 ) (-256 -256 640 ) 
3 123 127 (-256 -320 624 ) (-256 -212 624 ) (-202 -320 624 ) 
4 123 125 (-256 -212 624 ) (-256 -94 624 ) (-180.666672 -320 624 ) (-202 -320 624 ) 
5 123 124 (-256 -94 624 ) (-256 0 624 ) (0 0 624 ) (0 -320 624 ) (-180.666672 -320 624 ) 
3 124 162 (-184 -278 128 ) (-177.199982 -281.399994 128 ) (-166 -294 128 ) 
3 124 161 (-177.199982 -281.399994 128 ) (-161.333328 -289.333313 128 ) (-150 -312 128 ) 
4 124 160 (-196.800003 -271.600006 128 ) (-197.500000 -269.500000 128 ) (-166 -280 128 ) (-161.333328 -289.333313 128 ) 
3 124 159 (-122 -384 128 ) (-128 -384 128 ) (-130 -360 128 ) 
3 124 158 (-166 -280 128 ) (-155.500000 -283.500000 128 ) (-138 -336 128 ) 
4 124 157 (-64 -384 128 ) (-122 -384 128 ) (-155.500000 -283.500000 128 ) (-64 -314 128 ) 
4 124 155 (-197.500000 -269.500000 128 ) (-202 -256 128 ) (-64 -256 128 ) (-64 -314 128 ) 
4 124 145 (-64 -256 128 ) (-202 -256 128 ) (-244.666656 -128 128 ) (-64 -128 128 ) 
5 124 143 (-256 -94 128 ) (-256 -64 128 ) (-128 -64 128 ) (-128 -128 128 ) (-244.666656 -128 128 ) 
3 124 141 (-64 -128 128 ) (-128 -128 128 ) (-128 -64 128 ) 
4 124 133 (-256 0 624 ) (-256 0 128 ) (-256 -94 128 ) (-256 -94 624 ) 
4 124 126 (-122 -496 128 ) (-122 -496 624 ) (-130 -472 624 ) (-130 -472 128 ) 
4 124 125 (-138 -448 624 ) (-256 -94 624 ) (-256 -94 128 ) (-138 -448 128 ) 
3 125 160 (-197.499985 -269.500031 128 ) (-196.800003 -271.599976 128 ) (-208 -266 128 ) 
3 125 156 (-233.043488 -257.913025 128 ) (-233.200027 -257.599976 128 ) (-232 -258 128 ) 
4 125 155 (-202 -256 128 ) (-197.499985 -269.500031 128 ) (-233.200027 -257.599976 128 ) (-234 -256 128 ) 
5 125 145 (-256 -212 128 ) (-256 -128 128 ) (-244.666656 -128 128 ) (-202 -256 128 ) (-234 -256 128 ) 
3 125 143 (-256 -128 128 ) (-256 -94 128 ) (-244.666656 -128 128 ) 
4 125 133 (-256 -94 128 ) (-256 -212 128 ) (-256 -212 624 ) (-256 -94 624 ) 
4 125 130 (-150 -424 624 ) (-161.333344 -401.333313 624 ) (-161.333344 -401.333313 128 ) (-150 -424 128 ) 
4 125 129 (-161.333344 -401.333313 624 ) (-166 -392 624 ) (-166 -392 128 ) (-161.333344 -401.333313 128 ) 
4 125 127 (-166 -392 624 ) (-256 -212 624 ) (-256 -212 128 ) (-166 -392 128 ) 
4 127 156 (-256 -256 128 ) (-238 -256 128 ) (-233.200027 -257.599976 128 ) (-233.043503 -257.913025 128 ) 
3 127 155 (-238 -256 128 ) (-234 -256 128 ) (-233.200027 -257.599976 128 ) 
3 127 145 (-256 -256 128 ) (-256 -212 128 ) (-234 -256 128 ) 
4 127 133 (-256 -212 128 ) (-256 -256 128 ) (-256 -256 624 ) (-256 -212 624 ) 
4 127 129 (-166.002167 -391.998627 128 ) (-166.002151 -391.998627 624 ) (-208.003860 -377.998047 624 ) (-208.003876 -377.998047 128 ) 
4 127 128 (-231.997299 -370 624 ) (-256 -362 624 ) (-256 -362 128 ) (-231.997299 -370 128 ) 
4 129 131 (-184 -390 128 ) (-177.199982 -393.399994 128 ) (-177.199997 -393.399994 624 ) (-184 -390 624 ) 
4 129 130 (-177.199982 -393.399994 128 ) (-161.333374 -401.333313 128 ) (-161.333374 -401.333313 624 ) (-177.199997 -393.399994 624 ) 
4 130 131 (-177.203125 -393.400360 624 ) (-177.203125 -393.400360 128 ) (-166.015259 -405.986481 128 ) (-166.015350 -405.986389 624 ) 
4 132 133 (-256 -256 624 ) (-320 -256 624 ) (-320 0 624 ) (-256 0 624 ) 
3 133 152 (-294 -166 128 ) (-281.400055 -177.199905 128 ) (-278 -184 128 ) 
3 133 151 (-281.400055 -177.199905 128 ) (-274.105255 -183.684174 128 ) (-266 -208 128 ) 
3 133 150 (-312 -150 128 ) (-280 -166 128 ) (-274.105255 -183.684174 128 ) 
3 133 149 (-384 -128 128 ) (-366 -128 128 ) (-360 -130 128 ) 
3 133 148 (-366 -128 128 ) (-356 -128 128 ) (-336 -138 128 ) 
3 133 147 (-280 -166 128 ) (-262.782623 -174.608673 128 ) (-258 -232 128 ) 
3 133 146 (-356 -128 128 ) (-266.666687 -128 128 ) (-262.782623 -174.608673 128 ) 
3 133 145 (-256 -128 128 ) (-256 -256 128 ) (-266.666687 -128 128 ) 
4 133 143 (-256 -64 128 ) (-256 -128 128 ) (-384 -128 128 ) (-384 -64 128 ) 
4 133 138 (-377.994141 -208.011734 624 ) (-391.997650 -166.001221 624 ) (-391.997650 -166.001205 128 ) (-377.994110 -208.011795 128 ) 
4 133 136 (-391.997650 -166.001221 624 ) (-395.497803 -155.500732 624 ) (-395.497803 -155.500717 128 ) (-391.997650 -166.001205 128 ) 
4 133 135 (-395.497803 -155.500732 624 ) (-447.331390 0 624 ) (-447.331390 0 128 ) (-395.497803 -155.500717 128 ) 
4 133 134 (-361.998047 -256 128 ) (-361.998047 -256 624 ) (-370 -231.992264 624 ) (-370 -231.992264 128 ) 
4 135 137 (-471.997406 -130 624 ) (-496 -122 624 ) (-496 -122 128 ) (-471.997406 -130 128 ) 
4 135 136 (-395.502045 -155.498657 128 ) (-395.502045 -155.498657 624 ) (-448.004059 -137.997986 624 ) (-448.003937 -137.998032 128 ) 
4 136 140 (-424 -150 128 ) (-417.200043 -153.399979 128 ) (-417.200043 -153.399979 624 ) (-424 -150 624 ) 
4 136 139 (-417.200043 -153.399979 128 ) (-401.333344 -161.333328 128 ) (-401.333344 -161.333328 624 ) (-417.200043 -153.399979 624 ) 
4 136 138 (-401.333344 -161.333328 128 ) (-392 -166 128 ) (-392 -166 624 ) (-401.333344 -161.333328 624 ) 
4 138 139 (-401.333649 -161.332703 624 ) (-401.333649 -161.332703 128 ) (-390 -184 128 ) (-390 -184 624 ) 
4 139 140 (-417.196350 -153.401840 624 ) (-417.196320 -153.401855 128 ) (-405.989990 -166.008896 128 ) (-405.990204 -166.008698 624 ) 
4 141 145 (-128 -128 0 ) (-64 -128 0 ) (-64 -128 128 ) (-128 -128 128 ) 
4 141 143 (-128 -64 0 ) (-128 -128 0 ) (-128 -128 128 ) (-128 -64 128 ) 
4 142 153 (-384 0 0 ) (-384 -64 0 ) (-384 -64 112 ) (-384 0 112 ) 
4 142 143 (-384 -64 112 ) (-384 -64 0 ) (-128 -64 0 ) (-128 -64 112 ) 
4 143 153 (-384 -64 0 ) (-384 -128 0 ) (-384 -128 112 ) (-384 -64 112 ) 
4 143 149 (-384 -128 128 ) (-384 -128 0 ) (-366 -128 0 ) (-366 -128 128 ) 
4 143 148 (-366 -128 0 ) (-356 -128 0 ) (-356 -128 128 ) (-366 -128 128 ) 
4 143 146 (-356 -128 0 ) (-266.666687 -128 0 ) (-266.666687 -128 128 ) (-356 -128 128 ) 
4 143 145 (-266.666687 -128 0 ) (-128 -128 0 ) (-128 -128 128 ) (-266.666687 -128 128 ) 
4 144 154 (-64 -256 0 ) (0 -256 0 ) (0 -256 112 ) (-64 -256 112 ) 
4 144 145 (-64 -128 112 ) (-64 -128 0 ) (-64 -256 0 ) (-64 -256 112 ) 
4 145 156 (-256 -256 0 ) (-238 -256 0 ) (-238 -256 128 ) (-256 -256 128 ) 
4 145 155 (-238 -256 0 ) (-64 -256 0 ) (-64 -256 128 ) (-238 -256 128 ) 
4 145 147 (-262.782928 -174.608521 0 ) (-258 -231.998810 0 ) (-258 -231.998810 128 ) (-262.782928 -174.608521 128 ) 
4 145 146 (-266.666992 -128 128 ) (-266.666992 -128 0 ) (-262.782928 -174.608521 0 ) (-262.782928 -174.608521 128 ) 
4 146 150 (-312 -150 0 ) (-280 -166 0 ) (-280 -166 128 ) (-312 -150 128 ) 
4 146 148 (-356 -128 128 ) (-356 -128 0 ) (-336 -138 0 ) (-336 -138 128 ) 
4 146 147 (-280 -166 0 ) (-262.785156 -174.607422 0 ) (-262.785156 -174.607422 128 ) (-280 -166 128 ) 
4 147 151 (-274.106201 -183.683380 0 ) (-266.001923 -207.996124 0 ) (-266.001923 -207.996124 128 ) (-274.106201 -183.683380 128 ) 
4 147 150 (-280.001953 -165.996094 128 ) (-280.001953 -165.996094 0 ) (-274.106201 -183.683380 0 ) (-274.106201 -183.683380 128 ) 
4 148 149 (-366.003906 -128 128 ) (-366.003906 -128 0 ) (-360.005219 -130 0 ) (-360.005219 -130 128 ) 
4 150 152 (-294.006561 -165.992599 0 ) (-281.401642 -177.196716 0 ) (-281.401642 -177.196716 128 ) (-294.006561 -165.992599 128 ) 
4 150 151 (-281.401642 -177.196716 0 ) (-274.105255 -183.682251 0 ) (-274.105255 -183.682251 128 ) (-281.401642 -177.196716 128 ) 
4 151 152 (-281.397461 -177.205078 128 ) (-281.397461 -177.205078 0 ) (-278 -184 0 ) (-278 -184 128 ) 
4 154 163 (-64 -384 0 ) (0 -384 0 ) (0 -384 112 ) (-64 -384 112 ) 
4 154 157 (-64 -314 0 ) (-64 -384 0 ) (-64 -384 112 ) (-64 -314 112 ) 
4 154 155 (-64 -256 112 ) (-64 -256 0 ) (-64 -314 0 ) (-64 -314 112 ) 
4 155 160 (-207.994217 -266.002899 0 ) (-166 -280.001160 0 ) (-166 -280.001160 128 ) (-207.994202 -266.002899 128 ) 
4 155 158 (-166 -280.001160 0 ) (-155.499619 -283.501099 0 ) (-155.499603 -283.501099 128 ) (-166 -280.001160 128 ) 
4 155 157 (-155.499619 -283.501099 0 ) (-64 -314 0 ) (-64 -314 128 ) (-155.499603 -283.501099 128 ) 
4 155 156 (-238.002930 -256 128 ) (-238.002930 -256 0 ) (-232.003937 -258 0 ) (-232.003937 -258 128 ) 
4 157 163 (-122 -384 0 ) (-64 -384 0 ) (-64 -384 112 ) (-122 -384 112 ) 
4 157 159 (-130 -359.996460 0 ) (-122 -384 0 ) (-122 -384 128 ) (-130 -359.996460 128 ) 
4 157 158 (-155.499023 -283.500000 128 ) (-155.499023 -283.500000 0 ) (-137.997299 -336.005371 0 ) (-137.997299 -336.005371 128 ) 
4 158 161 (-161.333344 -289.333313 0 ) (-150 -312 0 ) (-150 -312 128 ) (-161.333344 -289.333313 128 ) 
4 158 160 (-166 -280 128 ) (-166 -280 0 ) (-161.333344 -289.333313 0 ) (-161.333344 -289.333313 128 ) 
4 159 163 (-128 -384 0 ) (-122 -384 0 ) (-122 -384 112 ) (-128 -384 112 ) 
4 160 162 (-184 -278 0 ) (-177.199951 -281.400024 0 ) (-177.199951 -281.400024 128 ) (-184 -278 128 ) 
4 160 161 (-177.199951 -281.400024 0 ) (-161.332672 -289.333679 0 ) (-161.332672 -289.333679 128 ) (-177.199951 -281.400024 128 ) 
4 161 162 (-177.203125 -281.398438 128 ) (-177.203125 -281.398438 0 ) (-166.009521 -293.991547 0 ) (-166.009521 -293.991547 128 ) 
