


materialPath: D:\Games\steamapps\common\Half-Life 2\ep2\materials
Loading D:\Projects\Maps\gm_flux\poopy.vmf
Could not locate 'GameData' key in d:\games\steamapps\common\half-life 2\ep2\gameinfo.txt
fixing up env_cubemap materials on brush sides...
0...1...2...3...4...5...6...7...8...9...10**** leaked ****
Entity light_environment (81.17 -35.52 18.62) leaked!
Processing areas...done (0)
Building Faces...done (0)
FixTjuncs...
PruneNodes...
WriteBSP...
done (0)
Creating default LDR cubemaps for env_cubemap using skybox materials:
   skybox/sky_day01_01*.vmt
 ! Run buildcubemaps in the engine to get the correct cube maps.
Creating default HDR cubemaps for env_cubemap using skybox materials:
   skybox/sky_day01_01*.vmt
 ! Run buildcubemaps in the engine to get the correct cube maps.
Finding displacement neighbors...
Finding lightmap sample positions...
Displacement Alpha : 0...1...2...3...4...5...6...7...8...9...10
Building Physics collision data...
done (0) (23740 bytes)
Placing detail props : 0...1...2...3...4...5...6...7...8...9...10
Water found with no water_lod_control entity, creating a default one.
Compacting texture/material tables...
Reduced 30 texinfos to 20
Reduced 8 texdatas to 7 (192 bytes to 150)
Writing D:\Projects\Maps\gm_flux\poopy.bsp
0 seconds elapsed



4 threads
reading d:\projects\maps\gm_flux\poopy.bsp
reading d:\projects\maps\gm_flux\poopy.prt
LoadPortals: couldn't read d:\projects\maps\gm_flux\poopy.prt



[Reading texlights from 'lights.rad']
[48 texlights parsed from 'lights.rad']

Loading d:\projects\maps\gm_flux\poopy.bsp
No vis information, direct lighting only.
337 faces
48563 square feet [6993089.50 square inches]
1 Displacements
6234 Square Feet [897768.19 Square Inches]
3 direct lights
0...1...2...3...4...5...6...7...8...9...10Build Patch/Sample Hash Table(s).....Done<0.0010 sec>
0...1...2...3...4...5...6...7...8...9...10FinalLightFace Done
0 of 0 (0% of) surface lights went in leaf ambient cubes.
0...1...2...3...4...5...6...7...8...9...10Writing leaf ambient...done
Ready to Finish

Object names       Objects/Maxobjs  Memory / Maxmem  Fullness 
------------       ---------------  ---------------  -------- 
models                   1/1024           48/49152    ( 0.1%) 
brushes                 67/8192          804/98304    ( 0.8%) 
brushsides             476/65536        3808/524288   ( 0.7%) 
planes                 248/65536        4960/1310720  ( 0.4%) 
vertexes               550/65536        6600/786432   ( 0.8%) 
nodes                  339/65536       10848/2097152  ( 0.5%) 
texinfos                20/12288        1440/884736   ( 0.2%) 
texdata                  7/2048          224/65536    ( 0.3%) 
dispinfos                1/0             176/0        ( 0.0%) 
disp_verts              81/0            1620/0        ( 0.0%) 
disp_tris              128/0             256/0        ( 0.0%) 
disp_lmsamples       15000/0           15000/0        ( 0.0%) 
faces                  337/65536       18872/3670016  ( 0.5%) 
hdr faces                0/65536           0/3670016  ( 0.0%) 
origfaces              150/65536        8400/3670016  ( 0.2%) 
leaves                 341/65536       10912/2097152  ( 0.5%) 
leaffaces              362/65536         724/131072   ( 0.6%) 
leafbrushes            190/65536         380/131072   ( 0.3%) 
areas                    2/256            16/2048     ( 0.8%) 
surfedges             2138/512000       8552/2048000  ( 0.4%) 
edges                 1241/256000       4964/1024000  ( 0.5%) 
LDR worldlights          3/8192          264/720896   ( 0.0%) 
HDR worldlights          0/8192            0/720896   ( 0.0%) 
leafwaterdata            1/32768          12/393216   ( 0.0%) 
waterstrips             21/32768         210/327680   ( 0.1%) 
waterverts               0/65536           0/786432   ( 0.0%) 
waterindices           324/65536         648/131072   ( 0.5%) 
cubemapsamples           0/1024            0/16384    ( 0.0%) 
overlays                 0/512             0/180224   ( 0.0%) 
LDR lightdata         [variable]      533268/0        ( 0.0%) 
HDR lightdata         [variable]           0/0        ( 0.0%) 
visdata               [variable]           0/16777216 ( 0.0%) 
entdata               [variable]        1048/393216   ( 0.3%) 
LDR ambient table      341/65536        1364/262144   ( 0.5%) 
HDR ambient table      341/65536        1364/262144   ( 0.5%) 
LDR leaf ambient       648/65536       18144/1835008  ( 1.0%) 
HDR leaf ambient       341/65536        9548/1835008  ( 0.5%) 
occluders                0/0               0/0        ( 0.0%) 
occluder polygons        0/0               0/0        ( 0.0%) 
occluder vert ind        0/0               0/0        ( 0.0%) 
detail props          [variable]           1/12       ( 8.3%) 
static props          [variable]           1/12       ( 8.3%) 
pakfile               [variable]      105945/0        ( 0.0%) 
physics               [variable]       23740/4194304  ( 0.6%) 
physics terrain       [variable]         363/1048576  ( 0.0%) 

Level flags = 0

Total triangle count: 859
Writing d:\projects\maps\gm_flux\poopy.bsp
1 second elapsed



[Reading texlights from 'lights.rad']
[48 texlights parsed from 'lights.rad']

Loading d:\projects\maps\gm_flux\poopy.bsp
No vis information, direct lighting only.
337 faces
48563 square feet [6993089.50 square inches]
1 Displacements
6234 Square Feet [897768.19 Square Inches]
3 direct lights
0...1...2...3...4...5...6...7...8...9...10Build Patch/Sample Hash Table(s).....Done<0.0010 sec>
0...1...2...3...4...5...6...7...8...9...10FinalLightFace Done
0 of 0 (0% of) surface lights went in leaf ambient cubes.
0...1...2...3...4...5...6...7...8...9...10Writing leaf ambient...done
Ready to Finish

Object names       Objects/Maxobjs  Memory / Maxmem  Fullness 
------------       ---------------  ---------------  -------- 
models                   1/1024           48/49152    ( 0.1%) 
brushes                 67/8192          804/98304    ( 0.8%) 
brushsides             476/65536        3808/524288   ( 0.7%) 
planes                 248/65536        4960/1310720  ( 0.4%) 
vertexes               550/65536        6600/786432   ( 0.8%) 
nodes                  339/65536       10848/2097152  ( 0.5%) 
texinfos                20/12288        1440/884736   ( 0.2%) 
texdata                  7/2048          224/65536    ( 0.3%) 
dispinfos                1/0             176/0        ( 0.0%) 
disp_verts              81/0            1620/0        ( 0.0%) 
disp_tris              128/0             256/0        ( 0.0%) 
disp_lmsamples       15000/0           15000/0        ( 0.0%) 
faces                  337/65536       18872/3670016  ( 0.5%) 
hdr faces              337/65536       18872/3670016  ( 0.5%) 
origfaces              150/65536        8400/3670016  ( 0.2%) 
leaves                 341/65536       10912/2097152  ( 0.5%) 
leaffaces              362/65536         724/131072   ( 0.6%) 
leafbrushes            190/65536         380/131072   ( 0.3%) 
areas                    2/256            16/2048     ( 0.8%) 
surfedges             2138/512000       8552/2048000  ( 0.4%) 
edges                 1241/256000       4964/1024000  ( 0.5%) 
LDR worldlights          3/8192          264/720896   ( 0.0%) 
HDR worldlights          3/8192          264/720896   ( 0.0%) 
leafwaterdata            1/32768          12/393216   ( 0.0%) 
waterstrips             21/32768         210/327680   ( 0.1%) 
waterverts               0/65536           0/786432   ( 0.0%) 
waterindices           324/65536         648/131072   ( 0.5%) 
cubemapsamples           0/1024            0/16384    ( 0.0%) 
overlays                 0/512             0/180224   ( 0.0%) 
LDR lightdata         [variable]      533268/0        ( 0.0%) 
HDR lightdata         [variable]      533268/0        ( 0.0%) 
visdata               [variable]           0/16777216 ( 0.0%) 
entdata               [variable]        1048/393216   ( 0.3%) 
LDR ambient table      341/65536        1364/262144   ( 0.5%) 
HDR ambient table      341/65536        1364/262144   ( 0.5%) 
LDR leaf ambient       648/65536       18144/1835008  ( 1.0%) 
HDR leaf ambient       648/65536       18144/1835008  ( 1.0%) 
occluders                0/0               0/0        ( 0.0%) 
occluder polygons        0/0               0/0        ( 0.0%) 
occluder vert ind        0/0               0/0        ( 0.0%) 
detail props          [variable]           1/12       ( 8.3%) 
static props          [variable]           1/12       ( 8.3%) 
pakfile               [variable]      105945/0        ( 0.0%) 
physics               [variable]       23740/4194304  ( 0.6%) 
physics terrain       [variable]         363/1048576  ( 0.0%) 

Level flags = 0

Total triangle count: 859
Writing d:\projects\maps\gm_flux\poopy.bsp
1 second elapsed
